#
# A fatal error has been detected by the Java Runtime Environment:
#
#  EXCEPTION_ACCESS_VIOLATION (0xc0000005) at pc=0x00007ffe80526bd3, pid=1308, tid=7328
#
# JRE version: OpenJDK Runtime Environment (11.0.12+7) (build 11.0.12+7-b1504.28-7817840)
# Java VM: OpenJDK 64-Bit Server VM (11.0.12+7-b1504.28-7817840, mixed mode, tiered, compressed oops, g1 gc, windows-amd64)
# Problematic frame:
# V  [jvm.dll+0x626bd3]
#
# No core dump will be written. Minidumps are not enabled by default on client versions of Windows
#
# If you would like to submit a bug report, please visit:
#   https://bugreport.java.com/bugreport/crash.jsp
#

---------------  S U M M A R Y ------------

Command Line: --add-opens=java.base/java.util=ALL-UNNAMED --add-opens=java.base/java.lang=ALL-UNNAMED --add-opens=java.base/java.lang.invoke=ALL-UNNAMED --add-opens=java.base/java.util=ALL-UNNAMED --add-opens=java.prefs/java.util.prefs=ALL-UNNAMED --add-opens=java.prefs/java.util.prefs=ALL-UNNAMED --add-opens=java.base/java.nio.charset=ALL-UNNAMED --add-opens=java.base/java.net=ALL-UNNAMED --add-opens=java.base/java.util.concurrent.atomic=ALL-UNNAMED -Xmx2048m -Dfile.encoding=UTF-8 -Duser.country=ID -Duser.language=en -Duser.variant org.gradle.launcher.daemon.bootstrap.GradleDaemon 7.3.3

Host: Intel(R) Celeron(R) CPU N3350 @ 1.10GHz, 2 cores, 3G,  Windows 10 , 64 bit Build 19041 (10.0.19041.2364)
Time: Sun Jan  1 05:27:15 2023 SE Asia Standard Time elapsed time: 155.470118 seconds (0d 0h 2m 35s)

---------------  T H R E A D  ---------------

Current thread (0x000001a0f2766000):  JavaThread "C2 CompilerThread0" daemon [_thread_in_native, id=7328, stack(0x0000006af9e00000,0x0000006af9f00000)]


Current CompileTask:
C2: 155470 22037       4       com.android.tools.r8.ir.regalloc.b::c (3963 bytes)

Stack: [0x0000006af9e00000,0x0000006af9f00000],  sp=0x0000006af9efbba0,  free space=1006k
Native frames: (J=compiled Java code, j=interpreted, Vv=VM code, C=native code)
V  [jvm.dll+0x626bd3]
V  [jvm.dll+0x626c7b]
V  [jvm.dll+0x629d73]
V  [jvm.dll+0x628a8d]
V  [jvm.dll+0x201a32]
V  [jvm.dll+0x1ff71f]
V  [jvm.dll+0x18868c]
V  [jvm.dll+0x20e0d7]
V  [jvm.dll+0x20c901]
V  [jvm.dll+0x6f9b7f]
V  [jvm.dll+0x6f26a5]
V  [jvm.dll+0x5fabf6]
C  [ucrtbase.dll+0x21bb2]
C  [KERNEL32.DLL+0x17614]
C  [ntdll.dll+0x526a1]


siginfo: EXCEPTION_ACCESS_VIOLATION (0xc0000005), reading address 0x000000a0f57d1840


Register to memory mapping:

RIP=0x00007ffe80526bd3 jvm.dll
RAX=0x0000000000000001 is an unknown value
RBX=0x0000006af9efd308 is pointing into the stack for thread: 0x000001a0f2766000
RCX=0x0000000080001001 is pointing into object: [B 
{0x0000000080001000} - klass: {type array byte}
 - length: 8
RDX=0x000001a0831ad2b4 points into unknown readable memory: 01 10 00 80
RSP=0x0000006af9efbba0 is pointing into the stack for thread: 0x000001a0f2766000
RBP=0x000000a0f57d1818 is an unknown value
RSI=0x0000000000000107 is an unknown value
RDI=0x0000006af9efc930 is pointing into the stack for thread: 0x000001a0f2766000
R8 =0x0000000000000001 is an unknown value
R9 =0x000001a0804ed020 points into unknown readable memory: 0x000001a0f2777fe0 | e0 7f 77 f2 a0 01 00 00
R10=0x000001a082330bc0 points into unknown readable memory: 0x00007ffe8070afe0 | e0 af 70 80 fe 7f 00 00
R11=0x000001a0fe83dbf0 points into unknown readable memory: 0x000001a08347a768 | 68 a7 47 83 a0 01 00 00
R12=0x0000000000000158 is an unknown value
R13=0x000001a0f2712238 points into unknown readable memory: 0x000001a0f2766000 | 00 60 76 f2 a0 01 00 00
R14=0x000001a0f5b78820 points into unknown readable memory: 0x000000a0f57d1818 | 18 18 7d f5 a0 00 00 00
R15=0x0000000000000552 is an unknown value


Registers:
RAX=0x0000000000000001, RBX=0x0000006af9efd308, RCX=0x0000000080001001, RDX=0x000001a0831ad2b4
RSP=0x0000006af9efbba0, RBP=0x000000a0f57d1818, RSI=0x0000000000000107, RDI=0x0000006af9efc930
R8 =0x0000000000000001, R9 =0x000001a0804ed020, R10=0x000001a082330bc0, R11=0x000001a0fe83dbf0
R12=0x0000000000000158, R13=0x000001a0f2712238, R14=0x000001a0f5b78820, R15=0x0000000000000552
RIP=0x00007ffe80526bd3, EFLAGS=0x0000000000010297

Top of Stack: (sp=0x0000006af9efbba0)
0x0000006af9efbba0:   000001a083248ea0 00007ffe8009747a
0x0000006af9efbbb0:   0000000000000000 000001a0fbb67670
0x0000006af9efbbc0:   000001a083248180 0000000000000000
0x0000006af9efbbd0:   0000006af9efc930 00007ffe80526c7b
0x0000006af9efbbe0:   000001a0fe83db80 000001a0fe83db80
0x0000006af9efbbf0:   0000006af9efc930 0000000000000552
0x0000006af9efbc00:   0000000000000552 000001a0f2712238
0x0000006af9efbc10:   000001a0fe83db80 0000000000000000
0x0000006af9efbc20:   00000000000000d2 00007ffe800990e6
0x0000006af9efbc30:   0000006af9efc930 0000006af9efc930
0x0000006af9efbc40:   000001a0fe83db80 00000000000058b8
0x0000006af9efbc50:   0000000000000552 000001a082330bc0
0x0000006af9efbc60:   00000000000000d2 00007ffe80529d73
0x0000006af9efbc70:   0000006af9efc930 000001a0fe83db80
0x0000006af9efbc80:   00000000000000d2 0000006af9efc930
0x0000006af9efbc90:   0000000000000552 0000006af9efc930 

Instructions: (pc=0x00007ffe80526bd3)
0x00007ffe80526ad3:   c4 20 5f c3 cc cc cc cc cc cc cc cc cc 48 89 5c
0x00007ffe80526ae3:   24 08 48 89 74 24 10 57 48 83 ec 20 41 8b d8 48
0x00007ffe80526af3:   8b fa 41 b8 05 00 00 00 48 8b f1 e8 cd fd ff ff
0x00007ffe80526b03:   48 8d 05 ce 90 25 00 44 8b c3 48 8d 8e 88 09 00
0x00007ffe80526b13:   00 48 89 06 48 8b d7 e8 c1 f5 ff ff 48 8b 5c 24
0x00007ffe80526b23:   30 48 8b c6 48 8b 74 24 38 48 83 c4 20 5f c3 cc
0x00007ffe80526b33:   cc cc cc cc cc cc cc cc cc cc cc cc cc 40 53 48
0x00007ffe80526b43:   83 ec 20 48 8d 05 7b 20 1d 00 48 8b d9 48 89 01
0x00007ffe80526b53:   f6 c2 01 74 1d f6 c2 04 75 0e e8 de 09 a9 ff 48
0x00007ffe80526b63:   8b c3 48 83 c4 20 5b c3 ba 20 00 00 00 e8 1b d2
0x00007ffe80526b73:   bc ff 48 8b c3 48 83 c4 20 5b c3 cc cc 40 56 41
0x00007ffe80526b83:   54 41 56 48 83 ec 20 8b 42 20 33 f6 4c 8b 72 10
0x00007ffe80526b93:   4c 8d 24 c5 07 00 00 00 49 c1 ec 03 49 8d 14 c6
0x00007ffe80526ba3:   4c 3b f2 4c 0f 47 e6 4d 85 e4 0f 84 a1 00 00 00
0x00007ffe80526bb3:   48 89 5c 24 40 48 8d 99 d8 09 00 00 48 89 6c 24
0x00007ffe80526bc3:   48 4c 89 7c 24 58 48 89 7c 24 50 66 90 49 8b 2e
0x00007ffe80526bd3:   8b 4d 28 8b c1 c1 e8 05 3b 43 30 72 0f 48 8b 43
0x00007ffe80526be3:   20 8b d1 48 8d 4b 20 ff 50 18 eb 25 83 e1 1f 41
0x00007ffe80526bf3:   b8 01 00 00 00 41 d3 e0 8b c8 48 8b 43 38 48 8d
0x00007ffe80526c03:   14 88 8b 0c 88 8b c1 41 0b c8 89 0a 41 23 c0 75
0x00007ffe80526c13:   20 8b 7b 18 8d 47 01 89 43 18 3b 7b 08 72 0a 8b
0x00007ffe80526c23:   d7 48 8b cb e8 04 16 00 00 48 8b 43 10 48 89 2c
0x00007ffe80526c33:   f8 49 83 c6 08 48 ff c6 49 3b f4 72 90 4c 8b 7c
0x00007ffe80526c43:   24 58 48 8b 7c 24 50 48 8b 6c 24 48 48 8b 5c 24
0x00007ffe80526c53:   40 48 83 c4 20 41 5e 41 5c 5e c3 cc cc 48 89 54
0x00007ffe80526c63:   24 10 48 89 4c 24 08 55 57 48 83 ec 78 48 8b ea
0x00007ffe80526c73:   48 8b f9 e8 05 ff ff ff 48 8b 4d 10 8b 45 20 48
0x00007ffe80526c83:   89 4c 24 30 48 8d 04 c1 48 89 44 24 50 48 3b c8
0x00007ffe80526c93:   0f 83 b2 08 00 00 48 89 5c 24 70 48 89 74 24 68
0x00007ffe80526ca3:   0f 1f 40 00 66 0f 1f 84 00 00 00 00 00 48 8b 19
0x00007ffe80526cb3:   48 89 9c 24 a8 00 00 00 f6 43 2c 01 75 0a 8b 43
0x00007ffe80526cc3:   2c 83 e0 7f 3c 50 75 0b 48 8b d3 48 8b cf e8 aa 


Stack slot to memory mapping:
stack at sp + 0 slots: 0x000001a083248ea0 points into unknown readable memory: 0x00007ffe806f5020 | 20 50 6f 80 fe 7f 00 00
stack at sp + 1 slots: 0x00007ffe8009747a jvm.dll
stack at sp + 2 slots: 0x0 is NULL
stack at sp + 3 slots: 0x000001a0fbb67670 points into unknown readable memory: 0x00007ffe8070af20 | 20 af 70 80 fe 7f 00 00
stack at sp + 4 slots: 0x000001a083248180 points into unknown readable memory: 0x00007ffe806f50e0 | e0 50 6f 80 fe 7f 00 00
stack at sp + 5 slots: 0x0 is NULL
stack at sp + 6 slots: 0x0000006af9efc930 is pointing into the stack for thread: 0x000001a0f2766000
stack at sp + 7 slots: 0x00007ffe80526c7b jvm.dll


---------------  P R O C E S S  ---------------

Threads class SMR info:
_java_thread_list=0x000001a0fba3d170, length=66, elements={
0x000001a0d704e800, 0x000001a0f2701800, 0x000001a0f270d000, 0x000001a0f275f800,
0x000001a0f2760800, 0x000001a0f2762000, 0x000001a0f2766000, 0x000001a0f278d800,
0x000001a0f278e000, 0x000001a0f31c7800, 0x000001a0f461e800, 0x000001a0f3f0f000,
0x000001a0f50e5000, 0x000001a0f4924000, 0x000001a0f3f6a800, 0x000001a0f4615800,
0x000001a0f3f6b000, 0x000001a0f4c56800, 0x000001a0f537b800, 0x000001a0f5378000,
0x000001a0f5379000, 0x000001a0f5379800, 0x000001a0f5376800, 0x000001a0f5377800,
0x000001a0f537c000, 0x000001a0f537a800, 0x000001a0f537d000, 0x000001a0f5eb4000,
0x000001a0f5eb2000, 0x000001a0f5eb4800, 0x000001a0f5eaf000, 0x000001a0f5eb5800,
0x000001a0f5eb0800, 0x000001a0f5eaf800, 0x000001a0f5eb9800, 0x000001a0f5ebc000,
0x000001a0f5ebb000, 0x000001a0f5eb8800, 0x000001a0f5eb6800, 0x000001a0f5ebd000,
0x000001a0f5eba800, 0x000001a0f5eb7000, 0x000001a0f5ebd800, 0x000001a0f5eb8000,
0x000001a0f7aee800, 0x000001a0f7af1000, 0x000001a0f7aef800, 0x000001a0f7af2000,
0x000001a0f7af2800, 0x000001a0f7af0000, 0x000001a0f7aed000, 0x000001a0f7af3800,
0x000001a0f7aee000, 0x000001a0f7af8800, 0x000001a0f7af9000, 0x000001a0f7afa000,
0x000001a0f7af7000, 0x000001a0f7afb000, 0x000001a0f7af7800, 0x000001a0f7af5000,
0x000001a0f7af6000, 0x000001a0f7afb800, 0x000001a0f7601000, 0x000001a0f75ff800,
0x000001a0f7602800, 0x000001a0f7604800
}

Java Threads: ( => current thread )
  0x000001a0d704e800 JavaThread "main" [_thread_blocked, id=10980, stack(0x0000006af9200000,0x0000006af9300000)]
  0x000001a0f2701800 JavaThread "Reference Handler" daemon [_thread_blocked, id=5648, stack(0x0000006af9900000,0x0000006af9a00000)]
  0x000001a0f270d000 JavaThread "Finalizer" daemon [_thread_blocked, id=8644, stack(0x0000006af9a00000,0x0000006af9b00000)]
  0x000001a0f275f800 JavaThread "Signal Dispatcher" daemon [_thread_blocked, id=7676, stack(0x0000006af9b00000,0x0000006af9c00000)]
  0x000001a0f2760800 JavaThread "Attach Listener" daemon [_thread_blocked, id=7544, stack(0x0000006af9c00000,0x0000006af9d00000)]
  0x000001a0f2762000 JavaThread "Service Thread" daemon [_thread_blocked, id=4176, stack(0x0000006af9d00000,0x0000006af9e00000)]
=>0x000001a0f2766000 JavaThread "C2 CompilerThread0" daemon [_thread_in_native, id=7328, stack(0x0000006af9e00000,0x0000006af9f00000)]
  0x000001a0f278d800 JavaThread "C1 CompilerThread0" daemon [_thread_blocked, id=5388, stack(0x0000006af9f00000,0x0000006afa000000)]
  0x000001a0f278e000 JavaThread "Sweeper thread" daemon [_thread_blocked, id=9464, stack(0x0000006afa000000,0x0000006afa100000)]
  0x000001a0f31c7800 JavaThread "Common-Cleaner" daemon [_thread_blocked, id=10260, stack(0x0000006afa100000,0x0000006afa200000)]
  0x000001a0f461e800 JavaThread "Daemon health stats" [_thread_blocked, id=6456, stack(0x0000006afa400000,0x0000006afa500000)]
  0x000001a0f3f0f000 JavaThread "Incoming local TCP Connector on port 62867" [_thread_in_native, id=10892, stack(0x0000006afa500000,0x0000006afa600000)]
  0x000001a0f50e5000 JavaThread "Daemon periodic checks" [_thread_blocked, id=1452, stack(0x0000006afa600000,0x0000006afa700000)]
  0x000001a0f4924000 JavaThread "Daemon" [_thread_blocked, id=8912, stack(0x0000006afa700000,0x0000006afa800000)]
  0x000001a0f3f6a800 JavaThread "Handler for socket connection from /127.0.0.1:62867 to /127.0.0.1:62868" [_thread_in_native, id=7120, stack(0x0000006afa800000,0x0000006afa900000)]
  0x000001a0f4615800 JavaThread "Cancel handler" [_thread_blocked, id=9776, stack(0x0000006afa900000,0x0000006afaa00000)]
  0x000001a0f3f6b000 JavaThread "Daemon worker" [_thread_in_Java, id=10964, stack(0x0000006afaa00000,0x0000006afab00000)]
  0x000001a0f4c56800 JavaThread "Asynchronous log dispatcher for DefaultDaemonConnection: socket connection from /127.0.0.1:62867 to /127.0.0.1:62868" [_thread_blocked, id=984, stack(0x0000006afab00000,0x0000006afac00000)]
  0x000001a0f537b800 JavaThread "Daemon client event forwarder" [_thread_blocked, id=7188, stack(0x0000006afad00000,0x0000006afae00000)]
  0x000001a0f5378000 JavaThread "Cache worker for journal cache (C:\Users\ID\.gradle\caches\journal-1)" [_thread_blocked, id=7184, stack(0x0000006afae00000,0x0000006afaf00000)]
  0x000001a0f5379000 JavaThread "File lock request listener" [_thread_in_native, id=5748, stack(0x0000006afaf00000,0x0000006afb000000)]
  0x000001a0f5379800 JavaThread "Cache worker for file hash cache (C:\Users\ID\.gradle\caches\7.3.3\fileHashes)" [_thread_blocked, id=5492, stack(0x0000006afb000000,0x0000006afb100000)]
  0x000001a0f5376800 JavaThread "Cache worker for file hash cache (E:\MyParking\.gradle\7.3.3\fileHashes)" [_thread_blocked, id=7460, stack(0x0000006afb100000,0x0000006afb200000)]
  0x000001a0f5377800 JavaThread "File watcher server" daemon [_thread_in_native, id=10500, stack(0x0000006afb200000,0x0000006afb300000)]
  0x000001a0f537c000 JavaThread "File watcher consumer" daemon [_thread_blocked, id=9572, stack(0x0000006afb300000,0x0000006afb400000)]
  0x000001a0f537a800 JavaThread "Cache worker for checksums cache (E:\MyParking\.gradle\7.3.3\checksums)" [_thread_blocked, id=3344, stack(0x0000006afb400000,0x0000006afb500000)]
  0x000001a0f537d000 JavaThread "Cache worker for cache directory md-supplier (C:\Users\ID\.gradle\caches\7.3.3\md-supplier)" [_thread_blocked, id=8664, stack(0x0000006afb500000,0x0000006afb600000)]
  0x000001a0f5eb4000 JavaThread "Cache worker for cache directory md-rule (C:\Users\ID\.gradle\caches\7.3.3\md-rule)" [_thread_blocked, id=9432, stack(0x0000006afb600000,0x0000006afb700000)]
  0x000001a0f5eb2000 JavaThread "Cache worker for execution history cache (C:\Users\ID\.gradle\caches\7.3.3\executionHistory)" [_thread_blocked, id=6188, stack(0x0000006afb700000,0x0000006afb800000)]
  0x000001a0f5eb4800 JavaThread "jar transforms" [_thread_blocked, id=5188, stack(0x0000006afb800000,0x0000006afb900000)]
  0x000001a0f5eaf000 JavaThread "Cache worker for file content cache (C:\Users\ID\.gradle\caches\7.3.3\fileContent)" [_thread_blocked, id=5660, stack(0x0000006afb900000,0x0000006afba00000)]
  0x000001a0f5eb5800 JavaThread "jar transforms Thread 2" [_thread_blocked, id=6304, stack(0x0000006afba00000,0x0000006afbb00000)]
  0x000001a0f5eb0800 JavaThread "Cache worker for dependencies-accessors (E:\MyParking\.gradle\7.3.3\dependencies-accessors)" [_thread_blocked, id=11076, stack(0x0000006afbb00000,0x0000006afbc00000)]
  0x000001a0f5eaf800 JavaThread "Cache worker for Build Output Cleanup Cache (E:\MyParking\.gradle\buildOutputCleanup)" [_thread_blocked, id=10788, stack(0x0000006afbc00000,0x0000006afbd00000)]
  0x000001a0f5eb9800 JavaThread "Unconstrained build operations" [_thread_blocked, id=10792, stack(0x0000006afbd00000,0x0000006afbe00000)]
  0x000001a0f5ebc000 JavaThread "Unconstrained build operations Thread 2" [_thread_blocked, id=7012, stack(0x0000006afbe00000,0x0000006afbf00000)]
  0x000001a0f5ebb000 JavaThread "Unconstrained build operations Thread 3" [_thread_blocked, id=2192, stack(0x0000006afbf00000,0x0000006afc000000)]
  0x000001a0f5eb8800 JavaThread "Unconstrained build operations Thread 4" [_thread_blocked, id=9620, stack(0x0000006afc000000,0x0000006afc100000)]
  0x000001a0f5eb6800 JavaThread "Unconstrained build operations Thread 5" [_thread_blocked, id=10804, stack(0x0000006afc100000,0x0000006afc200000)]
  0x000001a0f5ebd000 JavaThread "Unconstrained build operations Thread 6" [_thread_blocked, id=5564, stack(0x0000006afc200000,0x0000006afc300000)]
  0x000001a0f5eba800 JavaThread "Unconstrained build operations Thread 7" [_thread_in_Java, id=4904, stack(0x0000006afc300000,0x0000006afc400000)]
  0x000001a0f5eb7000 JavaThread "Unconstrained build operations Thread 8" [_thread_blocked, id=5036, stack(0x0000006afc400000,0x0000006afc500000)]
  0x000001a0f5ebd800 JavaThread "Unconstrained build operations Thread 9" [_thread_blocked, id=9760, stack(0x0000006afc500000,0x0000006afc600000)]
  0x000001a0f5eb8000 JavaThread "Unconstrained build operations Thread 10" [_thread_blocked, id=5968, stack(0x0000006afc600000,0x0000006afc700000)]
  0x000001a0f7aee800 JavaThread "Unconstrained build operations Thread 11" [_thread_blocked, id=4580, stack(0x0000006afc700000,0x0000006afc800000)]
  0x000001a0f7af1000 JavaThread "Unconstrained build operations Thread 12" [_thread_blocked, id=3940, stack(0x0000006afc800000,0x0000006afc900000)]
  0x000001a0f7aef800 JavaThread "Unconstrained build operations Thread 13" [_thread_blocked, id=2164, stack(0x0000006afc900000,0x0000006afca00000)]
  0x000001a0f7af2000 JavaThread "Unconstrained build operations Thread 14" [_thread_blocked, id=6216, stack(0x0000006afca00000,0x0000006afcb00000)]
  0x000001a0f7af2800 JavaThread "Unconstrained build operations Thread 15" [_thread_blocked, id=9968, stack(0x0000006afcb00000,0x0000006afcc00000)]
  0x000001a0f7af0000 JavaThread "Unconstrained build operations Thread 16" [_thread_blocked, id=8084, stack(0x0000006afcc00000,0x0000006afcd00000)]
  0x000001a0f7aed000 JavaThread "Unconstrained build operations Thread 17" [_thread_blocked, id=5952, stack(0x0000006afcd00000,0x0000006afce00000)]
  0x000001a0f7af3800 JavaThread "Unconstrained build operations Thread 18" [_thread_blocked, id=3316, stack(0x0000006afce00000,0x0000006afcf00000)]
  0x000001a0f7aee000 JavaThread "Unconstrained build operations Thread 19" [_thread_blocked, id=9600, stack(0x0000006afcf00000,0x0000006afd000000)]
  0x000001a0f7af8800 JavaThread "Unconstrained build operations Thread 20" [_thread_blocked, id=7608, stack(0x0000006afd000000,0x0000006afd100000)]
  0x000001a0f7af9000 JavaThread "Memory manager" [_thread_blocked, id=8156, stack(0x0000006afd100000,0x0000006afd200000)]
  0x000001a0f7afa000 JavaThread "build event listener" [_thread_blocked, id=8840, stack(0x0000006afd400000,0x0000006afd500000)]
  0x000001a0f7af7000 JavaThread "Execution worker for ':'" [_thread_blocked, id=10348, stack(0x0000006afd500000,0x0000006afd600000)]
  0x000001a0f7afb000 JavaThread "Cache worker for execution history cache (E:\MyParking\.gradle\7.3.3\executionHistory)" [_thread_blocked, id=4828, stack(0x0000006afd600000,0x0000006afd700000)]
  0x000001a0f7af7800 JavaThread "WorkerExecutor Queue" [_thread_blocked, id=2644, stack(0x0000006afd700000,0x0000006afd800000)]
  0x000001a0f7af5000 JavaThread "WorkerExecutor Queue Thread 2" [_thread_blocked, id=10536, stack(0x0000006afd800000,0x0000006afd900000)]
  0x000001a0f7af6000 JavaThread "pool-3-thread-1" [_thread_blocked, id=3972, stack(0x0000006af9100000,0x0000006af9200000)]
  0x000001a0f7afb800 JavaThread "stderr" [_thread_in_native, id=9972, stack(0x0000006afac00000,0x0000006afad00000)]
  0x000001a0f7601000 JavaThread "stdout" [_thread_in_native, id=10852, stack(0x0000006afd900000,0x0000006afda00000)]
  0x000001a0f75ff800 JavaThread "Cache worker for Java compile cache (C:\Users\ID\.gradle\caches\7.3.3\javaCompile)" [_thread_blocked, id=9044, stack(0x0000006afda00000,0x0000006afdb00000)]
  0x000001a0f7602800 JavaThread "Build operations" [_thread_blocked, id=4256, stack(0x0000006afdb00000,0x0000006afdc00000)]
  0x000001a0f7604800 JavaThread "Build operations Thread 2" [_thread_blocked, id=1628, stack(0x0000006afdc00000,0x0000006afdd00000)]

Other Threads:
  0x000001a0f26fc800 VMThread "VM Thread" [stack: 0x0000006af9800000,0x0000006af9900000] [id=7720]
  0x000001a0f31ff000 WatcherThread [stack: 0x0000006afa200000,0x0000006afa300000] [id=10656]
  0x000001a0d7066800 GCTaskThread "GC Thread#0" [stack: 0x0000006af9300000,0x0000006af9400000] [id=6900]
  0x000001a0f33ee800 GCTaskThread "GC Thread#1" [stack: 0x0000006afa300000,0x0000006afa400000] [id=3508]
  0x000001a0d7099000 ConcurrentGCThread "G1 Main Marker" [stack: 0x0000006af9400000,0x0000006af9500000] [id=3596]
  0x000001a0d709a000 ConcurrentGCThread "G1 Conc#0" [stack: 0x0000006af9500000,0x0000006af9600000] [id=10724]
  0x000001a0d70e9000 ConcurrentGCThread "G1 Refine#0" [stack: 0x0000006af9600000,0x0000006af9700000] [id=3236]
  0x000001a0d70ea000 ConcurrentGCThread "G1 Young RemSet Sampling" [stack: 0x0000006af9700000,0x0000006af9800000] [id=3284]

Threads with active compile tasks:
C2 CompilerThread0 155596 22037       4       com.android.tools.r8.ir.regalloc.b::c (3963 bytes)

VM state:not at safepoint (normal execution)

VM Mutex/Monitor currently owned by a thread: None

Heap address: 0x0000000080000000, size: 2048 MB, Compressed Oops mode: 32-bit
Narrow klass base: 0x0000000000000000, Narrow klass shift: 3
Compressed class space size: 1073741824 Address: 0x0000000100000000

Heap:
 garbage-first heap   total 278528K, used 205009K [0x0000000080000000, 0x0000000100000000)
  region size 1024K, 74 young (75776K), 4 survivors (4096K)
 Metaspace       used 129971K, capacity 133093K, committed 133248K, reserved 1165312K
  class space    used 16087K, capacity 17278K, committed 17280K, reserved 1048576K
Heap Regions: E=young(eden), S=young(survivor), O=old, HS=humongous(starts), HC=humongous(continues), CS=collection set, F=free, A=archive, TAMS=top-at-mark-start (previous, next)
|   0|0x0000000080000000, 0x0000000080100000, 0x0000000080100000|100%| O|  |TAMS 0x0000000080100000, 0x0000000080000000| Untracked 
|   1|0x0000000080100000, 0x0000000080200000, 0x0000000080200000|100%| O|  |TAMS 0x0000000080200000, 0x0000000080100000| Untracked 
|   2|0x0000000080200000, 0x0000000080300000, 0x0000000080300000|100%| O|  |TAMS 0x0000000080300000, 0x0000000080200000| Untracked 
|   3|0x0000000080300000, 0x0000000080400000, 0x0000000080400000|100%| O|  |TAMS 0x0000000080400000, 0x0000000080300000| Untracked 
|   4|0x0000000080400000, 0x0000000080500000, 0x0000000080500000|100%|HS|  |TAMS 0x0000000080500000, 0x0000000080400000| Complete 
|   5|0x0000000080500000, 0x0000000080600000, 0x0000000080600000|100%|HC|  |TAMS 0x0000000080600000, 0x0000000080500000| Complete 
|   6|0x0000000080600000, 0x0000000080700000, 0x0000000080700000|100%|HC|  |TAMS 0x0000000080700000, 0x0000000080600000| Complete 
|   7|0x0000000080700000, 0x0000000080800000, 0x0000000080800000|100%| O|  |TAMS 0x0000000080800000, 0x0000000080700000| Untracked 
|   8|0x0000000080800000, 0x0000000080900000, 0x0000000080900000|100%| O|  |TAMS 0x0000000080900000, 0x0000000080800000| Untracked 
|   9|0x0000000080900000, 0x0000000080a00000, 0x0000000080a00000|100%| O|  |TAMS 0x0000000080a00000, 0x0000000080900000| Untracked 
|  10|0x0000000080a00000, 0x0000000080b00000, 0x0000000080b00000|100%| O|  |TAMS 0x0000000080b00000, 0x0000000080a00000| Untracked 
|  11|0x0000000080b00000, 0x0000000080c00000, 0x0000000080c00000|100%| O|  |TAMS 0x0000000080c00000, 0x0000000080b00000| Untracked 
|  12|0x0000000080c00000, 0x0000000080d00000, 0x0000000080d00000|100%| O|  |TAMS 0x0000000080d00000, 0x0000000080c00000| Untracked 
|  13|0x0000000080d00000, 0x0000000080e00000, 0x0000000080e00000|100%| O|  |TAMS 0x0000000080e00000, 0x0000000080d00000| Untracked 
|  14|0x0000000080e00000, 0x0000000080f00000, 0x0000000080f00000|100%| O|  |TAMS 0x0000000080f00000, 0x0000000080e00000| Untracked 
|  15|0x0000000080f00000, 0x0000000081000000, 0x0000000081000000|100%| O|  |TAMS 0x0000000081000000, 0x0000000080f00000| Untracked 
|  16|0x0000000081000000, 0x0000000081100000, 0x0000000081100000|100%| O|  |TAMS 0x0000000081100000, 0x0000000081000000| Untracked 
|  17|0x0000000081100000, 0x0000000081200000, 0x0000000081200000|100%| O|  |TAMS 0x0000000081200000, 0x0000000081100000| Untracked 
|  18|0x0000000081200000, 0x0000000081300000, 0x0000000081300000|100%| O|  |TAMS 0x0000000081300000, 0x0000000081200000| Untracked 
|  19|0x0000000081300000, 0x0000000081400000, 0x0000000081400000|100%| O|  |TAMS 0x0000000081400000, 0x0000000081300000| Untracked 
|  20|0x0000000081400000, 0x0000000081500000, 0x0000000081500000|100%| O|  |TAMS 0x0000000081500000, 0x0000000081400000| Untracked 
|  21|0x0000000081500000, 0x0000000081600000, 0x0000000081600000|100%| O|  |TAMS 0x0000000081600000, 0x0000000081500000| Untracked 
|  22|0x0000000081600000, 0x0000000081700000, 0x0000000081700000|100%| O|  |TAMS 0x0000000081700000, 0x0000000081600000| Untracked 
|  23|0x0000000081700000, 0x0000000081800000, 0x0000000081800000|100%| O|  |TAMS 0x0000000081800000, 0x0000000081700000| Untracked 
|  24|0x0000000081800000, 0x0000000081900000, 0x0000000081900000|100%| O|  |TAMS 0x0000000081900000, 0x0000000081800000| Untracked 
|  25|0x0000000081900000, 0x0000000081a00000, 0x0000000081a00000|100%| O|  |TAMS 0x0000000081a00000, 0x0000000081900000| Untracked 
|  26|0x0000000081a00000, 0x0000000081b00000, 0x0000000081b00000|100%| O|  |TAMS 0x0000000081b00000, 0x0000000081a00000| Untracked 
|  27|0x0000000081b00000, 0x0000000081c00000, 0x0000000081c00000|100%| O|  |TAMS 0x0000000081c00000, 0x0000000081b00000| Untracked 
|  28|0x0000000081c00000, 0x0000000081d00000, 0x0000000081d00000|100%| O|  |TAMS 0x0000000081d00000, 0x0000000081c00000| Untracked 
|  29|0x0000000081d00000, 0x0000000081e00000, 0x0000000081e00000|100%| O|  |TAMS 0x0000000081e00000, 0x0000000081d00000| Untracked 
|  30|0x0000000081e00000, 0x0000000081f00000, 0x0000000081f00000|100%|HS|  |TAMS 0x0000000081f00000, 0x0000000081e00000| Complete 
|  31|0x0000000081f00000, 0x0000000082000000, 0x0000000082000000|100%|HS|  |TAMS 0x0000000082000000, 0x0000000081f00000| Complete 
|  32|0x0000000082000000, 0x0000000082100000, 0x0000000082100000|100%|HS|  |TAMS 0x0000000082100000, 0x0000000082000000| Complete 
|  33|0x0000000082100000, 0x0000000082200000, 0x0000000082200000|100%|HC|  |TAMS 0x0000000082200000, 0x0000000082100000| Complete 
|  34|0x0000000082200000, 0x0000000082300000, 0x0000000082300000|100%| O|  |TAMS 0x0000000082300000, 0x0000000082200000| Untracked 
|  35|0x0000000082300000, 0x0000000082400000, 0x0000000082400000|100%| O|  |TAMS 0x0000000082400000, 0x0000000082300000| Untracked 
|  36|0x0000000082400000, 0x0000000082500000, 0x0000000082500000|100%| O|  |TAMS 0x0000000082500000, 0x0000000082400000| Untracked 
|  37|0x0000000082500000, 0x0000000082600000, 0x0000000082600000|100%| O|  |TAMS 0x0000000082600000, 0x0000000082500000| Untracked 
|  38|0x0000000082600000, 0x0000000082700000, 0x0000000082700000|100%| O|  |TAMS 0x0000000082700000, 0x0000000082600000| Untracked 
|  39|0x0000000082700000, 0x0000000082800000, 0x0000000082800000|100%| O|  |TAMS 0x0000000082800000, 0x0000000082700000| Untracked 
|  40|0x0000000082800000, 0x0000000082900000, 0x0000000082900000|100%| O|  |TAMS 0x0000000082900000, 0x0000000082800000| Untracked 
|  41|0x0000000082900000, 0x0000000082a00000, 0x0000000082a00000|100%| O|  |TAMS 0x0000000082a00000, 0x0000000082900000| Untracked 
|  42|0x0000000082a00000, 0x0000000082b00000, 0x0000000082b00000|100%| O|  |TAMS 0x0000000082b00000, 0x0000000082a00000| Untracked 
|  43|0x0000000082b00000, 0x0000000082c00000, 0x0000000082c00000|100%| O|  |TAMS 0x0000000082c00000, 0x0000000082b00000| Untracked 
|  44|0x0000000082c00000, 0x0000000082d00000, 0x0000000082d00000|100%| O|  |TAMS 0x0000000082d00000, 0x0000000082c00000| Untracked 
|  45|0x0000000082d00000, 0x0000000082e00000, 0x0000000082e00000|100%| O|  |TAMS 0x0000000082e00000, 0x0000000082d00000| Untracked 
|  46|0x0000000082e00000, 0x0000000082f00000, 0x0000000082f00000|100%| O|  |TAMS 0x0000000082f00000, 0x0000000082e00000| Untracked 
|  47|0x0000000082f00000, 0x0000000083000000, 0x0000000083000000|100%| O|  |TAMS 0x0000000083000000, 0x0000000082f00000| Untracked 
|  48|0x0000000083000000, 0x0000000083100000, 0x0000000083100000|100%| O|  |TAMS 0x0000000083100000, 0x0000000083000000| Untracked 
|  49|0x0000000083100000, 0x0000000083200000, 0x0000000083200000|100%| O|  |TAMS 0x0000000083200000, 0x0000000083100000| Untracked 
|  50|0x0000000083200000, 0x0000000083300000, 0x0000000083300000|100%| O|  |TAMS 0x0000000083300000, 0x0000000083200000| Untracked 
|  51|0x0000000083300000, 0x0000000083400000, 0x0000000083400000|100%| O|  |TAMS 0x0000000083400000, 0x0000000083300000| Untracked 
|  52|0x0000000083400000, 0x0000000083500000, 0x0000000083500000|100%| O|  |TAMS 0x0000000083500000, 0x0000000083400000| Untracked 
|  53|0x0000000083500000, 0x0000000083600000, 0x0000000083600000|100%| O|  |TAMS 0x0000000083600000, 0x0000000083500000| Untracked 
|  54|0x0000000083600000, 0x0000000083700000, 0x0000000083700000|100%| O|  |TAMS 0x0000000083700000, 0x0000000083600000| Untracked 
|  55|0x0000000083700000, 0x0000000083800000, 0x0000000083800000|100%| O|  |TAMS 0x0000000083800000, 0x0000000083700000| Untracked 
|  56|0x0000000083800000, 0x0000000083900000, 0x0000000083900000|100%| O|  |TAMS 0x0000000083900000, 0x0000000083800000| Untracked 
|  57|0x0000000083900000, 0x0000000083a00000, 0x0000000083a00000|100%| O|  |TAMS 0x0000000083a00000, 0x0000000083900000| Untracked 
|  58|0x0000000083a00000, 0x0000000083b00000, 0x0000000083b00000|100%| O|  |TAMS 0x0000000083b00000, 0x0000000083a00000| Untracked 
|  59|0x0000000083b00000, 0x0000000083c00000, 0x0000000083c00000|100%| O|  |TAMS 0x0000000083c00000, 0x0000000083b00000| Untracked 
|  60|0x0000000083c00000, 0x0000000083d00000, 0x0000000083d00000|100%| O|  |TAMS 0x0000000083d00000, 0x0000000083c00000| Untracked 
|  61|0x0000000083d00000, 0x0000000083e00000, 0x0000000083e00000|100%| O|  |TAMS 0x0000000083e00000, 0x0000000083d00000| Untracked 
|  62|0x0000000083e00000, 0x0000000083f00000, 0x0000000083f00000|100%| O|  |TAMS 0x0000000083f00000, 0x0000000083e00000| Untracked 
|  63|0x0000000083f00000, 0x0000000084000000, 0x0000000084000000|100%| O|  |TAMS 0x0000000084000000, 0x0000000083f00000| Untracked 
|  64|0x0000000084000000, 0x000000008403a400, 0x0000000084100000| 22%| O|  |TAMS 0x0000000084000000, 0x0000000084000000| Untracked 
|  65|0x0000000084100000, 0x0000000084200000, 0x0000000084200000|100%| O|  |TAMS 0x0000000084200000, 0x0000000084100000| Untracked 
|  66|0x0000000084200000, 0x0000000084300000, 0x0000000084300000|100%| O|  |TAMS 0x0000000084300000, 0x0000000084200000| Untracked 
|  67|0x0000000084300000, 0x0000000084400000, 0x0000000084400000|100%| O|  |TAMS 0x0000000084400000, 0x0000000084300000| Untracked 
|  68|0x0000000084400000, 0x0000000084500000, 0x0000000084500000|100%| O|  |TAMS 0x0000000084500000, 0x0000000084400000| Untracked 
|  69|0x0000000084500000, 0x0000000084600000, 0x0000000084600000|100%| O|  |TAMS 0x0000000084600000, 0x0000000084500000| Untracked 
|  70|0x0000000084600000, 0x0000000084700000, 0x0000000084700000|100%| O|  |TAMS 0x0000000084700000, 0x0000000084600000| Untracked 
|  71|0x0000000084700000, 0x0000000084800000, 0x0000000084800000|100%| O|  |TAMS 0x000000008471b200, 0x0000000084700000| Untracked 
|  72|0x0000000084800000, 0x0000000084900000, 0x0000000084900000|100%| O|  |TAMS 0x0000000084900000, 0x0000000084800000| Untracked 
|  73|0x0000000084900000, 0x0000000084a00000, 0x0000000084a00000|100%| O|  |TAMS 0x0000000084a00000, 0x0000000084900000| Untracked 
|  74|0x0000000084a00000, 0x0000000084b00000, 0x0000000084b00000|100%| O|  |TAMS 0x0000000084b00000, 0x0000000084a00000| Untracked 
|  75|0x0000000084b00000, 0x0000000084c00000, 0x0000000084c00000|100%| O|  |TAMS 0x0000000084c00000, 0x0000000084b00000| Untracked 
|  76|0x0000000084c00000, 0x0000000084d00000, 0x0000000084d00000|100%| O|  |TAMS 0x0000000084d00000, 0x0000000084c00000| Untracked 
|  77|0x0000000084d00000, 0x0000000084e00000, 0x0000000084e00000|100%| O|  |TAMS 0x0000000084e00000, 0x0000000084d00000| Untracked 
|  78|0x0000000084e00000, 0x0000000084f00000, 0x0000000084f00000|100%| O|  |TAMS 0x0000000084f00000, 0x0000000084e00000| Untracked 
|  79|0x0000000084f00000, 0x0000000085000000, 0x0000000085000000|100%| O|  |TAMS 0x0000000085000000, 0x0000000084f00000| Untracked 
|  80|0x0000000085000000, 0x0000000085100000, 0x0000000085100000|100%| O|  |TAMS 0x0000000085100000, 0x0000000085000000| Untracked 
|  81|0x0000000085100000, 0x0000000085200000, 0x0000000085200000|100%| O|  |TAMS 0x0000000085200000, 0x0000000085100000| Untracked 
|  82|0x0000000085200000, 0x0000000085300000, 0x0000000085300000|100%| O|  |TAMS 0x0000000085300000, 0x0000000085200000| Untracked 
|  83|0x0000000085300000, 0x0000000085400000, 0x0000000085400000|100%| O|  |TAMS 0x0000000085400000, 0x0000000085300000| Untracked 
|  84|0x0000000085400000, 0x0000000085500000, 0x0000000085500000|100%| O|  |TAMS 0x0000000085500000, 0x0000000085400000| Untracked 
|  85|0x0000000085500000, 0x0000000085600000, 0x0000000085600000|100%| O|  |TAMS 0x0000000085600000, 0x0000000085500000| Untracked 
|  86|0x0000000085600000, 0x0000000085700000, 0x0000000085700000|100%| O|  |TAMS 0x0000000085700000, 0x0000000085600000| Untracked 
|  87|0x0000000085700000, 0x0000000085800000, 0x0000000085800000|100%| O|  |TAMS 0x0000000085800000, 0x0000000085700000| Untracked 
|  88|0x0000000085800000, 0x0000000085900000, 0x0000000085900000|100%| O|  |TAMS 0x0000000085900000, 0x0000000085800000| Untracked 
|  89|0x0000000085900000, 0x0000000085a00000, 0x0000000085a00000|100%| O|  |TAMS 0x0000000085a00000, 0x0000000085900000| Untracked 
|  90|0x0000000085a00000, 0x0000000085b00000, 0x0000000085b00000|100%| O|  |TAMS 0x0000000085b00000, 0x0000000085a00000| Untracked 
|  91|0x0000000085b00000, 0x0000000085c00000, 0x0000000085c00000|100%| O|  |TAMS 0x0000000085c00000, 0x0000000085b00000| Untracked 
|  92|0x0000000085c00000, 0x0000000085d00000, 0x0000000085d00000|100%| O|  |TAMS 0x0000000085d00000, 0x0000000085c00000| Untracked 
|  93|0x0000000085d00000, 0x0000000085d00000, 0x0000000085e00000|  0%| F|  |TAMS 0x0000000085d00000, 0x0000000085d00000| Untracked 
|  94|0x0000000085e00000, 0x0000000085f00000, 0x0000000085f00000|100%| O|  |TAMS 0x0000000085f00000, 0x0000000085e00000| Untracked 
|  95|0x0000000085f00000, 0x0000000086000000, 0x0000000086000000|100%| O|  |TAMS 0x0000000086000000, 0x0000000085f00000| Untracked 
|  96|0x0000000086000000, 0x0000000086100000, 0x0000000086100000|100%| O|  |TAMS 0x0000000086100000, 0x0000000086000000| Untracked 
|  97|0x0000000086100000, 0x0000000086100000, 0x0000000086200000|  0%| F|  |TAMS 0x0000000086100000, 0x0000000086100000| Untracked 
|  98|0x0000000086200000, 0x0000000086300000, 0x0000000086300000|100%| O|  |TAMS 0x0000000086300000, 0x0000000086200000| Untracked 
|  99|0x0000000086300000, 0x0000000086300000, 0x0000000086400000|  0%| F|  |TAMS 0x0000000086300000, 0x0000000086300000| Untracked 
| 100|0x0000000086400000, 0x0000000086400000, 0x0000000086500000|  0%| F|  |TAMS 0x0000000086400000, 0x0000000086400000| Untracked 
| 101|0x0000000086500000, 0x0000000086500000, 0x0000000086600000|  0%| F|  |TAMS 0x0000000086500000, 0x0000000086500000| Untracked 
| 102|0x0000000086600000, 0x0000000086700000, 0x0000000086700000|100%| O|  |TAMS 0x0000000086700000, 0x0000000086600000| Untracked 
| 103|0x0000000086700000, 0x0000000086800000, 0x0000000086800000|100%| O|  |TAMS 0x0000000086800000, 0x0000000086700000| Untracked 
| 104|0x0000000086800000, 0x0000000086900000, 0x0000000086900000|100%| O|  |TAMS 0x0000000086900000, 0x0000000086800000| Untracked 
| 105|0x0000000086900000, 0x0000000086a00000, 0x0000000086a00000|100%| O|  |TAMS 0x0000000086a00000, 0x0000000086900000| Untracked 
| 106|0x0000000086a00000, 0x0000000086a00000, 0x0000000086b00000|  0%| F|  |TAMS 0x0000000086a00000, 0x0000000086a00000| Untracked 
| 107|0x0000000086b00000, 0x0000000086b00000, 0x0000000086c00000|  0%| F|  |TAMS 0x0000000086b00000, 0x0000000086b00000| Untracked 
| 108|0x0000000086c00000, 0x0000000086d00000, 0x0000000086d00000|100%| O|  |TAMS 0x0000000086d00000, 0x0000000086c00000| Untracked 
| 109|0x0000000086d00000, 0x0000000086e00000, 0x0000000086e00000|100%| O|  |TAMS 0x0000000086e00000, 0x0000000086d00000| Untracked 
| 110|0x0000000086e00000, 0x0000000086f00000, 0x0000000086f00000|100%| O|  |TAMS 0x0000000086f00000, 0x0000000086e00000| Untracked 
| 111|0x0000000086f00000, 0x0000000087000000, 0x0000000087000000|100%| O|  |TAMS 0x0000000087000000, 0x0000000086f00000| Untracked 
| 112|0x0000000087000000, 0x0000000087100000, 0x0000000087100000|100%| O|  |TAMS 0x0000000087100000, 0x0000000087000000| Untracked 
| 113|0x0000000087100000, 0x0000000087200000, 0x0000000087200000|100%| O|  |TAMS 0x0000000087200000, 0x0000000087100000| Untracked 
| 114|0x0000000087200000, 0x0000000087200000, 0x0000000087300000|  0%| F|  |TAMS 0x0000000087200000, 0x0000000087200000| Untracked 
| 115|0x0000000087300000, 0x0000000087400000, 0x0000000087400000|100%| O|  |TAMS 0x0000000087400000, 0x0000000087300000| Untracked 
| 116|0x0000000087400000, 0x0000000087500000, 0x0000000087500000|100%| O|  |TAMS 0x0000000087500000, 0x0000000087400000| Untracked 
| 117|0x0000000087500000, 0x0000000087600000, 0x0000000087600000|100%| O|  |TAMS 0x0000000087600000, 0x0000000087500000| Untracked 
| 118|0x0000000087600000, 0x0000000087700000, 0x0000000087700000|100%| O|  |TAMS 0x0000000087700000, 0x0000000087600000| Untracked 
| 119|0x0000000087700000, 0x0000000087800000, 0x0000000087800000|100%| O|  |TAMS 0x0000000087800000, 0x0000000087700000| Untracked 
| 120|0x0000000087800000, 0x0000000087900000, 0x0000000087900000|100%| O|  |TAMS 0x0000000087900000, 0x0000000087800000| Untracked 
| 121|0x0000000087900000, 0x0000000087a00000, 0x0000000087a00000|100%| O|  |TAMS 0x0000000087a00000, 0x0000000087900000| Untracked 
| 122|0x0000000087a00000, 0x0000000087b00000, 0x0000000087b00000|100%| O|  |TAMS 0x0000000087b00000, 0x0000000087a00000| Untracked 
| 123|0x0000000087b00000, 0x0000000087c00000, 0x0000000087c00000|100%| O|  |TAMS 0x0000000087c00000, 0x0000000087b00000| Untracked 
| 124|0x0000000087c00000, 0x0000000087d00000, 0x0000000087d00000|100%| O|  |TAMS 0x0000000087d00000, 0x0000000087c00000| Untracked 
| 125|0x0000000087d00000, 0x0000000087e00000, 0x0000000087e00000|100%| O|  |TAMS 0x0000000087e00000, 0x0000000087d00000| Untracked 
| 126|0x0000000087e00000, 0x0000000087f00000, 0x0000000087f00000|100%| O|  |TAMS 0x0000000087f00000, 0x0000000087e00000| Untracked 
| 127|0x0000000087f00000, 0x0000000088000000, 0x0000000088000000|100%| O|  |TAMS 0x0000000088000000, 0x0000000087f00000| Untracked 
| 128|0x0000000088000000, 0x0000000088100000, 0x0000000088100000|100%| O|  |TAMS 0x0000000088100000, 0x0000000088000000| Untracked 
| 129|0x0000000088100000, 0x0000000088200000, 0x0000000088200000|100%| O|  |TAMS 0x0000000088200000, 0x0000000088100000| Untracked 
| 130|0x0000000088200000, 0x0000000088300000, 0x0000000088300000|100%| O|  |TAMS 0x0000000088300000, 0x0000000088200000| Untracked 
| 131|0x0000000088300000, 0x0000000088400000, 0x0000000088400000|100%| O|  |TAMS 0x0000000088400000, 0x0000000088300000| Untracked 
| 132|0x0000000088400000, 0x0000000088500000, 0x0000000088500000|100%| O|  |TAMS 0x0000000088500000, 0x0000000088400000| Untracked 
| 133|0x0000000088500000, 0x0000000088600000, 0x0000000088600000|100%| O|  |TAMS 0x0000000088600000, 0x0000000088500000| Untracked 
| 134|0x0000000088600000, 0x0000000088700000, 0x0000000088700000|100%| O|  |TAMS 0x0000000088700000, 0x0000000088600000| Untracked 
| 135|0x0000000088700000, 0x0000000088800000, 0x0000000088800000|100%| O|  |TAMS 0x0000000088800000, 0x0000000088700000| Untracked 
| 136|0x0000000088800000, 0x0000000088800000, 0x0000000088900000|  0%| F|  |TAMS 0x0000000088800000, 0x0000000088800000| Untracked 
| 137|0x0000000088900000, 0x0000000088900000, 0x0000000088a00000|  0%| F|  |TAMS 0x0000000088900000, 0x0000000088900000| Untracked 
| 138|0x0000000088a00000, 0x0000000088a00000, 0x0000000088b00000|  0%| F|  |TAMS 0x0000000088a00000, 0x0000000088a00000| Untracked 
| 139|0x0000000088b00000, 0x0000000088b00000, 0x0000000088c00000|  0%| F|  |TAMS 0x0000000088b00000, 0x0000000088b00000| Untracked 
| 140|0x0000000088c00000, 0x0000000088c00000, 0x0000000088d00000|  0%| F|  |TAMS 0x0000000088c00000, 0x0000000088c00000| Untracked 
| 141|0x0000000088d00000, 0x0000000088d00000, 0x0000000088e00000|  0%| F|  |TAMS 0x0000000088d00000, 0x0000000088d00000| Untracked 
| 142|0x0000000088e00000, 0x0000000088e00000, 0x0000000088f00000|  0%| F|  |TAMS 0x0000000088e00000, 0x0000000088e00000| Untracked 
| 143|0x0000000088f00000, 0x0000000088f00000, 0x0000000089000000|  0%| F|  |TAMS 0x0000000088f00000, 0x0000000088f00000| Untracked 
| 144|0x0000000089000000, 0x0000000089000000, 0x0000000089100000|  0%| F|  |TAMS 0x0000000089000000, 0x0000000089000000| Untracked 
| 145|0x0000000089100000, 0x0000000089100000, 0x0000000089200000|  0%| F|  |TAMS 0x0000000089100000, 0x0000000089100000| Untracked 
| 146|0x0000000089200000, 0x0000000089200000, 0x0000000089300000|  0%| F|  |TAMS 0x0000000089200000, 0x0000000089200000| Untracked 
| 147|0x0000000089300000, 0x0000000089300000, 0x0000000089400000|  0%| F|  |TAMS 0x0000000089300000, 0x0000000089300000| Untracked 
| 148|0x0000000089400000, 0x0000000089400000, 0x0000000089500000|  0%| F|  |TAMS 0x0000000089400000, 0x0000000089400000| Untracked 
| 149|0x0000000089500000, 0x0000000089500000, 0x0000000089600000|  0%| F|  |TAMS 0x0000000089500000, 0x0000000089500000| Untracked 
| 150|0x0000000089600000, 0x0000000089600000, 0x0000000089700000|  0%| F|  |TAMS 0x0000000089600000, 0x0000000089600000| Untracked 
| 151|0x0000000089700000, 0x0000000089700000, 0x0000000089800000|  0%| F|  |TAMS 0x0000000089700000, 0x0000000089700000| Untracked 
| 152|0x0000000089800000, 0x0000000089800000, 0x0000000089900000|  0%| F|  |TAMS 0x0000000089800000, 0x0000000089800000| Untracked 
| 153|0x0000000089900000, 0x0000000089900000, 0x0000000089a00000|  0%| F|  |TAMS 0x0000000089900000, 0x0000000089900000| Untracked 
| 154|0x0000000089a00000, 0x0000000089a00000, 0x0000000089b00000|  0%| F|  |TAMS 0x0000000089a00000, 0x0000000089a00000| Untracked 
| 155|0x0000000089b00000, 0x0000000089b00000, 0x0000000089c00000|  0%| F|  |TAMS 0x0000000089b00000, 0x0000000089b00000| Untracked 
| 156|0x0000000089c00000, 0x0000000089c00000, 0x0000000089d00000|  0%| F|  |TAMS 0x0000000089c00000, 0x0000000089c00000| Untracked 
| 157|0x0000000089d00000, 0x0000000089d00000, 0x0000000089e00000|  0%| F|  |TAMS 0x0000000089d00000, 0x0000000089d00000| Untracked 
| 158|0x0000000089e00000, 0x0000000089e00000, 0x0000000089f00000|  0%| F|  |TAMS 0x0000000089e00000, 0x0000000089e00000| Untracked 
| 159|0x0000000089f00000, 0x0000000089f00000, 0x000000008a000000|  0%| F|  |TAMS 0x0000000089f00000, 0x0000000089f00000| Untracked 
| 160|0x000000008a000000, 0x000000008a000000, 0x000000008a100000|  0%| F|  |TAMS 0x000000008a000000, 0x000000008a000000| Untracked 
| 161|0x000000008a100000, 0x000000008a100000, 0x000000008a200000|  0%| F|  |TAMS 0x000000008a100000, 0x000000008a100000| Untracked 
| 162|0x000000008a200000, 0x000000008a200000, 0x000000008a300000|  0%| F|  |TAMS 0x000000008a200000, 0x000000008a200000| Untracked 
| 163|0x000000008a300000, 0x000000008a300000, 0x000000008a400000|  0%| F|  |TAMS 0x000000008a300000, 0x000000008a300000| Untracked 
| 164|0x000000008a400000, 0x000000008a400000, 0x000000008a500000|  0%| F|  |TAMS 0x000000008a400000, 0x000000008a400000| Untracked 
| 165|0x000000008a500000, 0x000000008a5fa2f0, 0x000000008a600000| 97%| S|CS|TAMS 0x000000008a500000, 0x000000008a500000| Complete 
| 166|0x000000008a600000, 0x000000008a700000, 0x000000008a700000|100%| S|CS|TAMS 0x000000008a600000, 0x000000008a600000| Complete 
| 167|0x000000008a700000, 0x000000008a700000, 0x000000008a800000|  0%| F|  |TAMS 0x000000008a700000, 0x000000008a700000| Untracked 
| 168|0x000000008a800000, 0x000000008a800000, 0x000000008a900000|  0%| F|  |TAMS 0x000000008a800000, 0x000000008a800000| Untracked 
| 169|0x000000008a900000, 0x000000008aa00000, 0x000000008aa00000|100%| S|CS|TAMS 0x000000008a900000, 0x000000008a900000| Complete 
| 170|0x000000008aa00000, 0x000000008ab00000, 0x000000008ab00000|100%| S|CS|TAMS 0x000000008aa00000, 0x000000008aa00000| Complete 
| 171|0x000000008ab00000, 0x000000008ab00000, 0x000000008ac00000|  0%| F|  |TAMS 0x000000008ab00000, 0x000000008ab00000| Untracked 
| 172|0x000000008ac00000, 0x000000008ac00000, 0x000000008ad00000|  0%| F|  |TAMS 0x000000008ac00000, 0x000000008ac00000| Untracked 
| 173|0x000000008ad00000, 0x000000008ad00000, 0x000000008ae00000|  0%| F|  |TAMS 0x000000008ad00000, 0x000000008ad00000| Untracked 
| 174|0x000000008ae00000, 0x000000008ae00000, 0x000000008af00000|  0%| F|  |TAMS 0x000000008ae00000, 0x000000008ae00000| Untracked 
| 175|0x000000008af00000, 0x000000008af00000, 0x000000008b000000|  0%| F|  |TAMS 0x000000008af00000, 0x000000008af00000| Untracked 
| 176|0x000000008b000000, 0x000000008b000000, 0x000000008b100000|  0%| F|  |TAMS 0x000000008b000000, 0x000000008b000000| Untracked 
| 177|0x000000008b100000, 0x000000008b100000, 0x000000008b200000|  0%| F|  |TAMS 0x000000008b100000, 0x000000008b100000| Untracked 
| 178|0x000000008b200000, 0x000000008b200000, 0x000000008b300000|  0%| F|  |TAMS 0x000000008b200000, 0x000000008b200000| Untracked 
| 179|0x000000008b300000, 0x000000008b300000, 0x000000008b400000|  0%| F|  |TAMS 0x000000008b300000, 0x000000008b300000| Untracked 
| 180|0x000000008b400000, 0x000000008b400000, 0x000000008b500000|  0%| F|  |TAMS 0x000000008b400000, 0x000000008b400000| Untracked 
| 181|0x000000008b500000, 0x000000008b500000, 0x000000008b600000|  0%| F|  |TAMS 0x000000008b500000, 0x000000008b500000| Untracked 
| 182|0x000000008b600000, 0x000000008b600000, 0x000000008b700000|  0%| F|  |TAMS 0x000000008b600000, 0x000000008b600000| Untracked 
| 183|0x000000008b700000, 0x000000008b700000, 0x000000008b800000|  0%| F|  |TAMS 0x000000008b700000, 0x000000008b700000| Untracked 
| 184|0x000000008b800000, 0x000000008b800000, 0x000000008b900000|  0%| F|  |TAMS 0x000000008b800000, 0x000000008b800000| Untracked 
| 185|0x000000008b900000, 0x000000008b900000, 0x000000008ba00000|  0%| F|  |TAMS 0x000000008b900000, 0x000000008b900000| Untracked 
| 186|0x000000008ba00000, 0x000000008ba00000, 0x000000008bb00000|  0%| F|  |TAMS 0x000000008ba00000, 0x000000008ba00000| Untracked 
| 187|0x000000008bb00000, 0x000000008bb00000, 0x000000008bc00000|  0%| F|  |TAMS 0x000000008bb00000, 0x000000008bb00000| Untracked 
| 188|0x000000008bc00000, 0x000000008bc00000, 0x000000008bd00000|  0%| F|  |TAMS 0x000000008bc00000, 0x000000008bc00000| Untracked 
| 189|0x000000008bd00000, 0x000000008bd00000, 0x000000008be00000|  0%| F|  |TAMS 0x000000008bd00000, 0x000000008bd00000| Untracked 
| 190|0x000000008be00000, 0x000000008be00000, 0x000000008bf00000|  0%| F|  |TAMS 0x000000008be00000, 0x000000008be00000| Untracked 
| 191|0x000000008bf00000, 0x000000008bf00000, 0x000000008c000000|  0%| F|  |TAMS 0x000000008bf00000, 0x000000008bf00000| Untracked 
| 192|0x000000008c000000, 0x000000008c000000, 0x000000008c100000|  0%| F|  |TAMS 0x000000008c000000, 0x000000008c000000| Untracked 
| 193|0x000000008c100000, 0x000000008c100000, 0x000000008c200000|  0%| F|  |TAMS 0x000000008c100000, 0x000000008c100000| Untracked 
| 194|0x000000008c200000, 0x000000008c200000, 0x000000008c300000|  0%| F|  |TAMS 0x000000008c200000, 0x000000008c200000| Untracked 
| 195|0x000000008c300000, 0x000000008c300000, 0x000000008c400000|  0%| F|  |TAMS 0x000000008c300000, 0x000000008c300000| Untracked 
| 196|0x000000008c400000, 0x000000008c400000, 0x000000008c500000|  0%| F|  |TAMS 0x000000008c400000, 0x000000008c400000| Untracked 
| 197|0x000000008c500000, 0x000000008c500000, 0x000000008c600000|  0%| F|  |TAMS 0x000000008c500000, 0x000000008c500000| Untracked 
| 198|0x000000008c600000, 0x000000008c600000, 0x000000008c700000|  0%| F|  |TAMS 0x000000008c600000, 0x000000008c600000| Untracked 
| 199|0x000000008c700000, 0x000000008c700000, 0x000000008c800000|  0%| F|  |TAMS 0x000000008c700000, 0x000000008c700000| Untracked 
| 200|0x000000008c800000, 0x000000008c800000, 0x000000008c900000|  0%| F|  |TAMS 0x000000008c800000, 0x000000008c800000| Untracked 
| 201|0x000000008c900000, 0x000000008ca00000, 0x000000008ca00000|100%| E|  |TAMS 0x000000008c900000, 0x000000008c900000| Complete 
| 202|0x000000008ca00000, 0x000000008cb00000, 0x000000008cb00000|100%| E|CS|TAMS 0x000000008ca00000, 0x000000008ca00000| Complete 
| 203|0x000000008cb00000, 0x000000008cc00000, 0x000000008cc00000|100%| E|CS|TAMS 0x000000008cb00000, 0x000000008cb00000| Complete 
| 204|0x000000008cc00000, 0x000000008cd00000, 0x000000008cd00000|100%| E|CS|TAMS 0x000000008cc00000, 0x000000008cc00000| Complete 
| 205|0x000000008cd00000, 0x000000008ce00000, 0x000000008ce00000|100%| E|CS|TAMS 0x000000008cd00000, 0x000000008cd00000| Complete 
| 206|0x000000008ce00000, 0x000000008cf00000, 0x000000008cf00000|100%| E|CS|TAMS 0x000000008ce00000, 0x000000008ce00000| Complete 
| 207|0x000000008cf00000, 0x000000008d000000, 0x000000008d000000|100%| E|CS|TAMS 0x000000008cf00000, 0x000000008cf00000| Complete 
| 208|0x000000008d000000, 0x000000008d100000, 0x000000008d100000|100%| E|CS|TAMS 0x000000008d000000, 0x000000008d000000| Complete 
| 209|0x000000008d100000, 0x000000008d200000, 0x000000008d200000|100%| E|CS|TAMS 0x000000008d100000, 0x000000008d100000| Complete 
| 210|0x000000008d200000, 0x000000008d300000, 0x000000008d300000|100%| E|CS|TAMS 0x000000008d200000, 0x000000008d200000| Complete 
| 211|0x000000008d300000, 0x000000008d400000, 0x000000008d400000|100%| E|CS|TAMS 0x000000008d300000, 0x000000008d300000| Complete 
| 212|0x000000008d400000, 0x000000008d500000, 0x000000008d500000|100%| E|CS|TAMS 0x000000008d400000, 0x000000008d400000| Complete 
| 213|0x000000008d500000, 0x000000008d600000, 0x000000008d600000|100%| E|CS|TAMS 0x000000008d500000, 0x000000008d500000| Complete 
| 214|0x000000008d600000, 0x000000008d700000, 0x000000008d700000|100%| E|CS|TAMS 0x000000008d600000, 0x000000008d600000| Complete 
| 215|0x000000008d700000, 0x000000008d800000, 0x000000008d800000|100%| E|CS|TAMS 0x000000008d700000, 0x000000008d700000| Complete 
| 216|0x000000008d800000, 0x000000008d900000, 0x000000008d900000|100%| E|CS|TAMS 0x000000008d800000, 0x000000008d800000| Complete 
| 217|0x000000008d900000, 0x000000008da00000, 0x000000008da00000|100%| E|CS|TAMS 0x000000008d900000, 0x000000008d900000| Complete 
| 218|0x000000008da00000, 0x000000008db00000, 0x000000008db00000|100%| E|CS|TAMS 0x000000008da00000, 0x000000008da00000| Complete 
| 219|0x000000008db00000, 0x000000008dc00000, 0x000000008dc00000|100%| E|CS|TAMS 0x000000008db00000, 0x000000008db00000| Complete 
| 220|0x000000008dc00000, 0x000000008dd00000, 0x000000008dd00000|100%| E|CS|TAMS 0x000000008dc00000, 0x000000008dc00000| Complete 
| 221|0x000000008dd00000, 0x000000008de00000, 0x000000008de00000|100%| E|CS|TAMS 0x000000008dd00000, 0x000000008dd00000| Complete 
| 222|0x000000008de00000, 0x000000008df00000, 0x000000008df00000|100%| E|CS|TAMS 0x000000008de00000, 0x000000008de00000| Complete 
| 223|0x000000008df00000, 0x000000008e000000, 0x000000008e000000|100%| E|CS|TAMS 0x000000008df00000, 0x000000008df00000| Complete 
| 224|0x000000008e000000, 0x000000008e100000, 0x000000008e100000|100%| E|CS|TAMS 0x000000008e000000, 0x000000008e000000| Complete 
| 225|0x000000008e100000, 0x000000008e200000, 0x000000008e200000|100%| E|CS|TAMS 0x000000008e100000, 0x000000008e100000| Complete 
| 226|0x000000008e200000, 0x000000008e300000, 0x000000008e300000|100%| E|CS|TAMS 0x000000008e200000, 0x000000008e200000| Complete 
| 227|0x000000008e300000, 0x000000008e400000, 0x000000008e400000|100%| E|CS|TAMS 0x000000008e300000, 0x000000008e300000| Complete 
| 228|0x000000008e400000, 0x000000008e500000, 0x000000008e500000|100%| E|CS|TAMS 0x000000008e400000, 0x000000008e400000| Complete 
| 229|0x000000008e500000, 0x000000008e600000, 0x000000008e600000|100%| E|CS|TAMS 0x000000008e500000, 0x000000008e500000| Complete 
| 230|0x000000008e600000, 0x000000008e700000, 0x000000008e700000|100%| E|CS|TAMS 0x000000008e600000, 0x000000008e600000| Complete 
| 231|0x000000008e700000, 0x000000008e800000, 0x000000008e800000|100%| E|CS|TAMS 0x000000008e700000, 0x000000008e700000| Complete 
| 232|0x000000008e800000, 0x000000008e900000, 0x000000008e900000|100%| E|CS|TAMS 0x000000008e800000, 0x000000008e800000| Complete 
| 233|0x000000008e900000, 0x000000008ea00000, 0x000000008ea00000|100%| E|CS|TAMS 0x000000008e900000, 0x000000008e900000| Complete 
| 234|0x000000008ea00000, 0x000000008eb00000, 0x000000008eb00000|100%| E|CS|TAMS 0x000000008ea00000, 0x000000008ea00000| Complete 
| 235|0x000000008eb00000, 0x000000008ec00000, 0x000000008ec00000|100%| E|CS|TAMS 0x000000008eb00000, 0x000000008eb00000| Complete 
| 236|0x000000008ec00000, 0x000000008ed00000, 0x000000008ed00000|100%| E|CS|TAMS 0x000000008ec00000, 0x000000008ec00000| Complete 
| 237|0x000000008ed00000, 0x000000008ee00000, 0x000000008ee00000|100%| E|CS|TAMS 0x000000008ed00000, 0x000000008ed00000| Complete 
| 238|0x000000008ee00000, 0x000000008ef00000, 0x000000008ef00000|100%| E|CS|TAMS 0x000000008ee00000, 0x000000008ee00000| Complete 
| 239|0x000000008ef00000, 0x000000008f000000, 0x000000008f000000|100%| E|CS|TAMS 0x000000008ef00000, 0x000000008ef00000| Complete 
| 240|0x000000008f000000, 0x000000008f100000, 0x000000008f100000|100%| E|CS|TAMS 0x000000008f000000, 0x000000008f000000| Complete 
| 241|0x000000008f100000, 0x000000008f200000, 0x000000008f200000|100%| E|CS|TAMS 0x000000008f100000, 0x000000008f100000| Complete 
| 242|0x000000008f200000, 0x000000008f300000, 0x000000008f300000|100%| E|CS|TAMS 0x000000008f200000, 0x000000008f200000| Complete 
| 243|0x000000008f300000, 0x000000008f400000, 0x000000008f400000|100%| E|CS|TAMS 0x000000008f300000, 0x000000008f300000| Complete 
| 244|0x000000008f400000, 0x000000008f500000, 0x000000008f500000|100%| E|CS|TAMS 0x000000008f400000, 0x000000008f400000| Complete 
| 245|0x000000008f500000, 0x000000008f600000, 0x000000008f600000|100%| E|CS|TAMS 0x000000008f500000, 0x000000008f500000| Complete 
| 246|0x000000008f600000, 0x000000008f700000, 0x000000008f700000|100%| E|CS|TAMS 0x000000008f600000, 0x000000008f600000| Complete 
| 247|0x000000008f700000, 0x000000008f800000, 0x000000008f800000|100%| E|CS|TAMS 0x000000008f700000, 0x000000008f700000| Complete 
| 248|0x000000008f800000, 0x000000008f900000, 0x000000008f900000|100%| E|CS|TAMS 0x000000008f800000, 0x000000008f800000| Complete 
| 249|0x000000008f900000, 0x000000008fa00000, 0x000000008fa00000|100%| E|CS|TAMS 0x000000008f900000, 0x000000008f900000| Complete 
| 250|0x000000008fa00000, 0x000000008fb00000, 0x000000008fb00000|100%| E|CS|TAMS 0x000000008fa00000, 0x000000008fa00000| Complete 
| 251|0x000000008fb00000, 0x000000008fc00000, 0x000000008fc00000|100%| E|CS|TAMS 0x000000008fb00000, 0x000000008fb00000| Complete 
| 252|0x000000008fc00000, 0x000000008fd00000, 0x000000008fd00000|100%| E|CS|TAMS 0x000000008fc00000, 0x000000008fc00000| Complete 
| 253|0x000000008fd00000, 0x000000008fe00000, 0x000000008fe00000|100%| E|CS|TAMS 0x000000008fd00000, 0x000000008fd00000| Complete 
| 254|0x000000008fe00000, 0x000000008ff00000, 0x000000008ff00000|100%| E|CS|TAMS 0x000000008fe00000, 0x000000008fe00000| Complete 
| 255|0x000000008ff00000, 0x0000000090000000, 0x0000000090000000|100%| E|CS|TAMS 0x000000008ff00000, 0x000000008ff00000| Complete 
| 256|0x0000000090000000, 0x0000000090100000, 0x0000000090100000|100%| E|CS|TAMS 0x0000000090000000, 0x0000000090000000| Complete 
| 257|0x0000000090100000, 0x0000000090200000, 0x0000000090200000|100%| E|CS|TAMS 0x0000000090100000, 0x0000000090100000| Complete 
| 258|0x0000000090200000, 0x0000000090300000, 0x0000000090300000|100%| E|CS|TAMS 0x0000000090200000, 0x0000000090200000| Complete 
| 259|0x0000000090300000, 0x0000000090400000, 0x0000000090400000|100%| E|CS|TAMS 0x0000000090300000, 0x0000000090300000| Complete 
| 260|0x0000000090400000, 0x0000000090500000, 0x0000000090500000|100%| E|CS|TAMS 0x0000000090400000, 0x0000000090400000| Complete 
| 261|0x0000000090500000, 0x0000000090600000, 0x0000000090600000|100%| E|CS|TAMS 0x0000000090500000, 0x0000000090500000| Complete 
| 262|0x0000000090600000, 0x0000000090700000, 0x0000000090700000|100%| E|CS|TAMS 0x0000000090600000, 0x0000000090600000| Complete 
| 263|0x0000000090700000, 0x0000000090800000, 0x0000000090800000|100%| E|CS|TAMS 0x0000000090700000, 0x0000000090700000| Complete 
| 264|0x0000000090800000, 0x0000000090900000, 0x0000000090900000|100%| E|CS|TAMS 0x0000000090800000, 0x0000000090800000| Complete 
| 265|0x0000000090900000, 0x0000000090a00000, 0x0000000090a00000|100%| E|CS|TAMS 0x0000000090900000, 0x0000000090900000| Complete 
| 266|0x0000000090a00000, 0x0000000090b00000, 0x0000000090b00000|100%| E|CS|TAMS 0x0000000090a00000, 0x0000000090a00000| Complete 
| 267|0x0000000090b00000, 0x0000000090c00000, 0x0000000090c00000|100%| E|CS|TAMS 0x0000000090b00000, 0x0000000090b00000| Complete 
| 268|0x0000000090c00000, 0x0000000090d00000, 0x0000000090d00000|100%| E|CS|TAMS 0x0000000090c00000, 0x0000000090c00000| Complete 
| 269|0x0000000090d00000, 0x0000000090e00000, 0x0000000090e00000|100%| E|CS|TAMS 0x0000000090d00000, 0x0000000090d00000| Complete 
| 270|0x0000000090e00000, 0x0000000090f00000, 0x0000000090f00000|100%| E|CS|TAMS 0x0000000090e00000, 0x0000000090e00000| Complete 
| 271|0x0000000090f00000, 0x0000000091000000, 0x0000000091000000|100%| E|CS|TAMS 0x0000000090f00000, 0x0000000090f00000| Complete 

Card table byte_map: [0x000001a0ebb70000,0x000001a0ebf70000] _byte_map_base: 0x000001a0eb770000

Marking Bits (Prev, Next): (CMBitMap*) 0x000001a0d7090298, (CMBitMap*) 0x000001a0d70902d0
 Prev Bits: [0x000001a0ec370000, 0x000001a0ee370000)
 Next Bits: [0x000001a0ee370000, 0x000001a0f0370000)

Polling page: 0x000001a0d6ef0000

Metaspace:

Usage:
  Non-class:    113.10 MB capacity,   111.22 MB ( 98%) used,     1.47 MB (  1%) free+waste,   420.06 KB ( <1%) overhead. 
      Class:     16.87 MB capacity,    15.71 MB ( 93%) used,  1007.89 KB (  6%) free+waste,   182.69 KB (  1%) overhead. 
       Both:    129.97 MB capacity,   126.93 MB ( 98%) used,     2.46 MB (  2%) free+waste,   602.75 KB ( <1%) overhead. 

Virtual space:
  Non-class space:      114.00 MB reserved,     113.25 MB (>99%) committed 
      Class space:        1.00 GB reserved,      16.88 MB (  2%) committed 
             Both:        1.11 GB reserved,     130.13 MB ( 11%) committed 

Chunk freelists:
   Non-Class:  25.00 KB
       Class:  0 bytes
        Both:  25.00 KB

MaxMetaspaceSize: 17179869184.00 GB
CompressedClassSpaceSize: 1.00 GB
Initial GC threshold: 20.80 MB
Current GC threshold: 212.50 MB
CDS: off

CodeHeap 'non-profiled nmethods': size=120064Kb used=13093Kb max_used=13093Kb free=106970Kb
 bounds [0x000001a0e3e30000, 0x000001a0e4b00000, 0x000001a0eb370000]
CodeHeap 'profiled nmethods': size=120000Kb used=46475Kb max_used=46475Kb free=73525Kb
 bounds [0x000001a0dc900000, 0x000001a0df670000, 0x000001a0e3e30000]
CodeHeap 'non-nmethods': size=5696Kb used=2455Kb max_used=2519Kb free=3241Kb
 bounds [0x000001a0dc370000, 0x000001a0dc5f0000, 0x000001a0dc900000]
 total_blobs=21181 nmethods=20188 adapters=904
 compilation: enabled
              stopped_count=0, restarted_count=0
 full_count=0

Compilation events (20 events):
Event: 153.508 Thread 0x000001a0f278d800 22162       2       org.gradle.internal.logging.slf4j.BuildOperationAwareLogger::debug (19 bytes)
Event: 153.509 Thread 0x000001a0f278d800 nmethod 22162 0x000001a0df65a290 code [0x000001a0df65a460, 0x000001a0df65a818]
Event: 153.546 Thread 0x000001a0f2766000 nmethod 22151% 0x000001a0e4ade010 code [0x000001a0e4ade8e0, 0x000001a0e4ae2f98]
Event: 153.547 Thread 0x000001a0f2766000 22158       4       com.android.tools.r8.graph.c0::a (1050 bytes)
Event: 153.987 Thread 0x000001a0f278d800 22164       2       com.google.gson.internal.$Gson$Preconditions::checkArgument (13 bytes)
Event: 153.988 Thread 0x000001a0f278d800 nmethod 22164 0x000001a0df65a990 code [0x000001a0df65ab40, 0x000001a0df65acc8]
Event: 153.992 Thread 0x000001a0f278d800 22165       2       java.util.ArrayDeque::remove (5 bytes)
Event: 153.992 Thread 0x000001a0f278d800 nmethod 22165 0x000001a0df65ad90 code [0x000001a0df65af40, 0x000001a0df65b068]
Event: 153.995 Thread 0x000001a0f278d800 22166       2       com.android.tools.r8.graph.w0::a (69 bytes)
Event: 153.996 Thread 0x000001a0f278d800 nmethod 22166 0x000001a0df65b110 code [0x000001a0df65b340, 0x000001a0df65bcf8]
Event: 153.996 Thread 0x000001a0f278d800 22167       2       com.android.tools.r8.graph.w0::b (16 bytes)
Event: 153.998 Thread 0x000001a0f278d800 nmethod 22167 0x000001a0df65c110 code [0x000001a0df65c320, 0x000001a0df65c708]
Event: 154.007 Thread 0x000001a0f278d800 22168       2       com.android.tools.r8.graph.S0::c (43 bytes)
Event: 154.007 Thread 0x000001a0f278d800 nmethod 22168 0x000001a0df65ca90 code [0x000001a0df65cc40, 0x000001a0df65cda8]
Event: 154.627 Thread 0x000001a0f2766000 nmethod 22158 0x000001a0e4ae5790 code [0x000001a0e4ae5d80, 0x000001a0e4aee668]
Event: 154.627 Thread 0x000001a0f2766000 22067       4       com.android.tools.r8.internal.qb::j (640 bytes)
Event: 154.994 Thread 0x000001a0f2766000 nmethod 22067 0x000001a0e4af3590 code [0x000001a0e4af38e0, 0x000001a0e4af6b50]
Event: 154.994 Thread 0x000001a0f2766000 22037       4       com.android.tools.r8.ir.regalloc.b::c (3963 bytes)
Event: 155.061 Thread 0x000001a0f278d800 22170       2       com.android.tools.r8.internal.LJ::g (16 bytes)
Event: 155.061 Thread 0x000001a0f278d800 nmethod 22170 0x000001a0df65ce90 code [0x000001a0df65d040, 0x000001a0df65d198]

GC Heap History (20 events):
Event: 137.019 GC heap before
{Heap before GC invocations=92 (full 0):
 garbage-first heap   total 278528K, used 219857K [0x0000000080000000, 0x0000000100000000)
  region size 1024K, 88 young (90112K), 2 survivors (2048K)
 Metaspace       used 127876K, capacity 130683K, committed 130944K, reserved 1163264K
  class space    used 15821K, capacity 16898K, committed 17024K, reserved 1048576K
}
Event: 137.035 GC heap after
{Heap after GC invocations=93 (full 0):
 garbage-first heap   total 278528K, used 132185K [0x0000000080000000, 0x0000000100000000)
  region size 1024K, 3 young (3072K), 3 survivors (3072K)
 Metaspace       used 127876K, capacity 130683K, committed 130944K, reserved 1163264K
  class space    used 15821K, capacity 16898K, committed 17024K, reserved 1048576K
}
Event: 138.327 GC heap before
{Heap before GC invocations=93 (full 0):
 garbage-first heap   total 278528K, used 221273K [0x0000000080000000, 0x0000000100000000)
  region size 1024K, 90 young (92160K), 3 survivors (3072K)
 Metaspace       used 127915K, capacity 130732K, committed 130944K, reserved 1163264K
  class space    used 15830K, capacity 16914K, committed 17024K, reserved 1048576K
}
Event: 138.345 GC heap after
{Heap after GC invocations=94 (full 0):
 garbage-first heap   total 278528K, used 132693K [0x0000000080000000, 0x0000000100000000)
  region size 1024K, 3 young (3072K), 3 survivors (3072K)
 Metaspace       used 127915K, capacity 130732K, committed 130944K, reserved 1163264K
  class space    used 15830K, capacity 16914K, committed 17024K, reserved 1048576K
}
Event: 140.768 GC heap before
{Heap before GC invocations=94 (full 0):
 garbage-first heap   total 278528K, used 224853K [0x0000000080000000, 0x0000000100000000)
  region size 1024K, 93 young (95232K), 3 survivors (3072K)
 Metaspace       used 127982K, capacity 130801K, committed 130944K, reserved 1163264K
  class space    used 15830K, capacity 16914K, committed 17024K, reserved 1048576K
}
Event: 140.788 GC heap after
{Heap after GC invocations=95 (full 0):
 garbage-first heap   total 278528K, used 132817K [0x0000000080000000, 0x0000000100000000)
  region size 1024K, 3 young (3072K), 3 survivors (3072K)
 Metaspace       used 127982K, capacity 130801K, committed 130944K, reserved 1163264K
  class space    used 15830K, capacity 16914K, committed 17024K, reserved 1048576K
}
Event: 142.309 GC heap before
{Heap before GC invocations=95 (full 0):
 garbage-first heap   total 278528K, used 227025K [0x0000000080000000, 0x0000000100000000)
  region size 1024K, 95 young (97280K), 3 survivors (3072K)
 Metaspace       used 128002K, capacity 130865K, committed 131200K, reserved 1163264K
  class space    used 15830K, capacity 16914K, committed 17024K, reserved 1048576K
}
Event: 142.331 GC heap after
{Heap after GC invocations=96 (full 0):
 garbage-first heap   total 278528K, used 133404K [0x0000000080000000, 0x0000000100000000)
  region size 1024K, 4 young (4096K), 4 survivors (4096K)
 Metaspace       used 128002K, capacity 130865K, committed 131200K, reserved 1163264K
  class space    used 15830K, capacity 16914K, committed 17024K, reserved 1048576K
}
Event: 144.037 GC heap before
{Heap before GC invocations=96 (full 0):
 garbage-first heap   total 278528K, used 228636K [0x0000000080000000, 0x0000000100000000)
  region size 1024K, 97 young (99328K), 4 survivors (4096K)
 Metaspace       used 128047K, capacity 130953K, committed 131200K, reserved 1163264K
  class space    used 15836K, capacity 16922K, committed 17024K, reserved 1048576K
}
Event: 144.060 GC heap after
{Heap after GC invocations=97 (full 0):
 garbage-first heap   total 278528K, used 133841K [0x0000000080000000, 0x0000000100000000)
  region size 1024K, 4 young (4096K), 4 survivors (4096K)
 Metaspace       used 128047K, capacity 130953K, committed 131200K, reserved 1163264K
  class space    used 15836K, capacity 16922K, committed 17024K, reserved 1048576K
}
Event: 145.402 GC heap before
{Heap before GC invocations=97 (full 0):
 garbage-first heap   total 278528K, used 230097K [0x0000000080000000, 0x0000000100000000)
  region size 1024K, 98 young (100352K), 4 survivors (4096K)
 Metaspace       used 128057K, capacity 130954K, committed 131200K, reserved 1163264K
  class space    used 15836K, capacity 16922K, committed 17024K, reserved 1048576K
}
Event: 145.426 GC heap after
{Heap after GC invocations=98 (full 0):
 garbage-first heap   total 278528K, used 134591K [0x0000000080000000, 0x0000000100000000)
  region size 1024K, 5 young (5120K), 5 survivors (5120K)
 Metaspace       used 128057K, capacity 130954K, committed 131200K, reserved 1163264K
  class space    used 15836K, capacity 16922K, committed 17024K, reserved 1048576K
}
Event: 146.895 GC heap before
{Heap before GC invocations=98 (full 0):
 garbage-first heap   total 278528K, used 231871K [0x0000000080000000, 0x0000000100000000)
  region size 1024K, 100 young (102400K), 5 survivors (5120K)
 Metaspace       used 128071K, capacity 130954K, committed 131200K, reserved 1163264K
  class space    used 15836K, capacity 16922K, committed 17024K, reserved 1048576K
}
Event: 146.925 GC heap after
{Heap after GC invocations=99 (full 0):
 garbage-first heap   total 278528K, used 134865K [0x0000000080000000, 0x0000000100000000)
  region size 1024K, 5 young (5120K), 5 survivors (5120K)
 Metaspace       used 128071K, capacity 130954K, committed 131200K, reserved 1163264K
  class space    used 15836K, capacity 16922K, committed 17024K, reserved 1048576K
}
Event: 149.058 GC heap before
{Heap before GC invocations=99 (full 0):
 garbage-first heap   total 278528K, used 235217K [0x0000000080000000, 0x0000000100000000)
  region size 1024K, 103 young (105472K), 5 survivors (5120K)
 Metaspace       used 129301K, capacity 132375K, committed 132480K, reserved 1165312K
  class space    used 16015K, capacity 17177K, committed 17280K, reserved 1048576K
}
Event: 149.097 GC heap after
{Heap after GC invocations=100 (full 0):
 garbage-first heap   total 278528K, used 135656K [0x0000000080000000, 0x0000000100000000)
  region size 1024K, 6 young (6144K), 6 survivors (6144K)
 Metaspace       used 129301K, capacity 132375K, committed 132480K, reserved 1165312K
  class space    used 16015K, capacity 17177K, committed 17280K, reserved 1048576K
}
Event: 151.903 GC heap before
{Heap before GC invocations=100 (full 0):
 garbage-first heap   total 278528K, used 237032K [0x0000000080000000, 0x0000000100000000)
  region size 1024K, 104 young (106496K), 6 survivors (6144K)
 Metaspace       used 129949K, capacity 133028K, committed 133248K, reserved 1165312K
  class space    used 16086K, capacity 17278K, committed 17280K, reserved 1048576K
}
Event: 151.937 GC heap after
{Heap after GC invocations=101 (full 0):
 garbage-first heap   total 278528K, used 135764K [0x0000000080000000, 0x0000000100000000)
  region size 1024K, 6 young (6144K), 6 survivors (6144K)
 Metaspace       used 129949K, capacity 133028K, committed 133248K, reserved 1165312K
  class space    used 16086K, capacity 17278K, committed 17280K, reserved 1048576K
}
Event: 153.632 GC heap before
{Heap before GC invocations=101 (full 0):
 garbage-first heap   total 278528K, used 236116K [0x0000000080000000, 0x0000000100000000)
  region size 1024K, 104 young (106496K), 6 survivors (6144K)
 Metaspace       used 129960K, capacity 133029K, committed 133248K, reserved 1165312K
  class space    used 16087K, capacity 17278K, committed 17280K, reserved 1048576K
}
Event: 153.662 GC heap after
{Heap after GC invocations=102 (full 0):
 garbage-first heap   total 278528K, used 134353K [0x0000000080000000, 0x0000000100000000)
  region size 1024K, 4 young (4096K), 4 survivors (4096K)
 Metaspace       used 129960K, capacity 133029K, committed 133248K, reserved 1165312K
  class space    used 16087K, capacity 17278K, committed 17280K, reserved 1048576K
}

Deoptimization events (20 events):
Event: 152.996 Thread 0x000001a0f3f6b000 DEOPT PACKING pc=0x000001a0df2fef1f sp=0x0000006afaaf2b40
Event: 152.996 Thread 0x000001a0f3f6b000 DEOPT UNPACKING pc=0x000001a0dc3ba93f sp=0x0000006afaaf23d0 mode 0
Event: 152.999 Thread 0x000001a0f3f6b000 DEOPT PACKING pc=0x000001a0df2fef1f sp=0x0000006afaaf2a60
Event: 152.999 Thread 0x000001a0f3f6b000 DEOPT UNPACKING pc=0x000001a0dc3ba93f sp=0x0000006afaaf2308 mode 0
Event: 153.163 Thread 0x000001a0f3f6b000 Uncommon trap: trap_request=0xffffff76 fr.pc=0x000001a0e4ad56c0 relative=0x00000000000059c0
Event: 153.163 Thread 0x000001a0f3f6b000 Uncommon trap: reason=loop_limit_check action=maybe_recompile pc=0x000001a0e4ad56c0 method=com.android.tools.r8.internal.Ld.a(Lcom/android/tools/r8/internal/wq;)Z @ 119 c2
Event: 153.164 Thread 0x000001a0f3f6b000 DEOPT PACKING pc=0x000001a0e4ad56c0 sp=0x0000006afaaf2e80
Event: 153.164 Thread 0x000001a0f3f6b000 DEOPT UNPACKING pc=0x000001a0dc3ba1a9 sp=0x0000006afaaf2e60 mode 2
Event: 153.225 Thread 0x000001a0f3f6b000 DEOPT PACKING pc=0x000001a0df2fef1f sp=0x0000006afaaf2b40
Event: 153.225 Thread 0x000001a0f3f6b000 DEOPT UNPACKING pc=0x000001a0dc3ba93f sp=0x0000006afaaf23d0 mode 0
Event: 153.842 Thread 0x000001a0f3f6b000 DEOPT PACKING pc=0x000001a0df2fef1f sp=0x0000006afaaf2b40
Event: 153.842 Thread 0x000001a0f3f6b000 DEOPT UNPACKING pc=0x000001a0dc3ba93f sp=0x0000006afaaf23d0 mode 0
Event: 153.988 Thread 0x000001a0f5eba800 Uncommon trap: trap_request=0xffffffbe fr.pc=0x000001a0e487362c relative=0x00000000000011ac
Event: 153.988 Thread 0x000001a0f5eba800 Uncommon trap: reason=profile_predicate action=maybe_recompile pc=0x000001a0e487362c method=java.util.regex.Pattern$CharPropertyGreedy.match(Ljava/util/regex/Matcher;ILjava/lang/CharSequence;)Z @ 12 c2
Event: 153.988 Thread 0x000001a0f5eba800 DEOPT PACKING pc=0x000001a0e487362c sp=0x0000006afc3fb470
Event: 153.988 Thread 0x000001a0f5eba800 DEOPT UNPACKING pc=0x000001a0dc3ba1a9 sp=0x0000006afc3fb400 mode 2
Event: 154.256 Thread 0x000001a0f3f6b000 DEOPT PACKING pc=0x000001a0df2fef1f sp=0x0000006afaaf2b40
Event: 154.256 Thread 0x000001a0f3f6b000 DEOPT UNPACKING pc=0x000001a0dc3ba93f sp=0x0000006afaaf23d0 mode 0
Event: 155.209 Thread 0x000001a0f5eba800 DEOPT PACKING pc=0x000001a0df2fef1f sp=0x0000006afc3f8da0
Event: 155.209 Thread 0x000001a0f5eba800 DEOPT UNPACKING pc=0x000001a0dc3ba93f sp=0x0000006afc3f8630 mode 0

Classes redefined (0 events):
No events

Internal exceptions (20 events):
Event: 117.610 Thread 0x000001a0f5eba800 Exception <a 'java/lang/IncompatibleClassChangeError'{0x000000008b575780}: Found class java.lang.Object, but interface was expected> (0x000000008b575780) thrown at [./src/hotspot/share/interpreter/linkResolver.cpp, line 839]
Event: 119.093 Thread 0x000001a0f5eba800 Exception <a 'java/lang/NoSuchMethodError'{0x000000008c2434e0}: 'java.lang.Object java.lang.invoke.DirectMethodHandle$Holder.invokeStatic(java.lang.Object, int, java.lang.Object, java.lang.Object)'> (0x000000008c2434e0) thrown at [./src/hotspot/share/interpreter/linkResolver.cpp, line 773]
Event: 121.010 Thread 0x000001a0f5eba800 Exception <a 'java/lang/IncompatibleClassChangeError'{0x000000008b08bf70}: Found class java.lang.Object, but interface was expected> (0x000000008b08bf70) thrown at [./src/hotspot/share/interpreter/linkResolver.cpp, line 839]
Event: 121.016 Thread 0x000001a0f5eba800 Exception <a 'java/lang/IncompatibleClassChangeError'{0x000000008b094df0}: Found class java.lang.Object, but interface was expected> (0x000000008b094df0) thrown at [./src/hotspot/share/interpreter/linkResolver.cpp, line 839]
Event: 121.166 Thread 0x000001a0f3f6b000 Exception <a 'java/lang/NoSuchMethodError'{0x000000008aef5180}: 'void java.lang.invoke.DirectMethodHandle$Holder.invokeSpecial(java.lang.Object, java.lang.Object, int, java.lang.Object)'> (0x000000008aef5180) thrown at [./src/hotspot/share/interpreter/linkResolver.cpp, line 773]
Event: 121.475 Thread 0x000001a0f5eba800 Exception <a 'java/lang/NoSuchMethodError'{0x000000008dfdd060}: 'java.lang.Object java.lang.invoke.DirectMethodHandle$Holder.newInvokeSpecial(java.lang.Object, int)'> (0x000000008dfdd060) thrown at [./src/hotspot/share/interpreter/linkResolver.cpp, line 773]
Event: 125.278 Thread 0x000001a0f5eba800 Exception <a 'java/lang/NoSuchMethodError'{0x000000008b2f5440}: 'int java.lang.invoke.DirectMethodHandle$Holder.invokeInterface(java.lang.Object, java.lang.Object, int)'> (0x000000008b2f5440) thrown at [./src/hotspot/share/interpreter/linkResolver.cpp, line 773]
Event: 126.611 Thread 0x000001a0f3f6b000 Exception <a 'java/lang/NoSuchMethodError'{0x000000008daa02b0}: 'java.lang.Object java.lang.invoke.DirectMethodHandle$Holder.invokeSpecial(java.lang.Object, java.lang.Object, java.lang.Object, java.lang.Object, java.lang.Object, java.lang.Object, java.lang.Object, java.lang.Object, java.lang.Object, java.lang.Object, java.lang.Object)'> (0x000000008daa02b0) thrown at [./src/hotspot/share/interpreter/linkResolver.cpp, line 773]
Event: 126.613 Thread 0x000001a0f3f6b000 Exception <a 'java/lang/NoSuchMethodError'{0x000000008daacee8}: 'java.lang.Object java.lang.invoke.Invokers$Holder.linkToTargetMethod(java.lang.Object, java.lang.Object, java.lang.Object, java.lang.Object, java.lang.Object, java.lang.Object, java.lang.Object, java.lang.Object, java.lang.Object, java.lang.Object)'> (0x000000008daacee8) thrown at [./src/hotspot/share/interpreter/linkResolver.cpp, line 773]
Event: 126.708 Thread 0x000001a0f3f6b000 Exception <a 'java/lang/IncompatibleClassChangeError'{0x000000008d7e2570}: Found class java.lang.Object, but interface was expected> (0x000000008d7e2570) thrown at [./src/hotspot/share/interpreter/linkResolver.cpp, line 839]
Event: 147.856 Thread 0x000001a0f5eba800 Implicit null exception at 0x000001a0e48c1def to 0x000001a0e48c1f2c
Event: 148.164 Thread 0x000001a0f5eba800 Exception <a 'java/lang/NoSuchMethodError'{0x000000008cde4580}: 'java.lang.Object java.lang.invoke.Invokers$Holder.linkToTargetMethod(java.lang.Object, int, java.lang.Object, java.lang.Object, java.lang.Object, java.lang.Object)'> (0x000000008cde4580) thrown at [./src/hotspot/share/interpreter/linkResolver.cpp, line 773]
Event: 148.168 Thread 0x000001a0f5eba800 Exception <a 'java/lang/NoSuchMethodError'{0x000000008cdf8570}: 'java.lang.Object java.lang.invoke.Invokers$Holder.linkToTargetMethod(java.lang.Object, java.lang.Object, java.lang.Object, int, java.lang.Object, java.lang.Object, java.lang.Object)'> (0x000000008cdf8570) thrown at [./src/hotspot/share/interpreter/linkResolver.cpp, line 773]
Event: 148.292 Thread 0x000001a0f5eba800 Exception <a 'java/lang/NoSuchMethodError'{0x000000008c82c038}: 'void java.lang.invoke.DirectMethodHandle$Holder.invokeStatic(java.lang.Object, java.lang.Object, java.lang.Object, java.lang.Object, java.lang.Object, java.lang.Object, java.lang.Object, java.lang.Object)'> (0x000000008c82c038) thrown at [./src/hotspot/share/interpreter/linkResolver.cpp, line 773]
Event: 148.944 Thread 0x000001a0f5eba800 Exception <a 'java/lang/IncompatibleClassChangeError'{0x000000008b2bc198}: Found class java.lang.Object, but interface was expected> (0x000000008b2bc198) thrown at [./src/hotspot/share/interpreter/linkResolver.cpp, line 839]
Event: 149.943 Thread 0x000001a0f5eba800 Exception <a 'java/lang/NoSuchMethodError'{0x000000008fbae960}: 'void java.lang.invoke.DirectMethodHandle$Holder.invokeSpecial(java.lang.Object, java.lang.Object, int)'> (0x000000008fbae960) thrown at [./src/hotspot/share/interpreter/linkResolver.cpp, line 773]
Event: 150.663 Thread 0x000001a0f5eba800 Exception <a 'sun/nio/fs/WindowsException'{0x000000008ee94b68}> (0x000000008ee94b68) thrown at [./src/hotspot/share/prims/jni.cpp, line 615]
Event: 151.672 Thread 0x000001a0f5eba800 Exception <a 'sun/nio/fs/WindowsException'{0x000000008bc4b6c0}> (0x000000008bc4b6c0) thrown at [./src/hotspot/share/prims/jni.cpp, line 615]
Event: 152.875 Thread 0x000001a0f5eba800 Exception <a 'sun/nio/fs/WindowsException'{0x000000008d358e60}> (0x000000008d358e60) thrown at [./src/hotspot/share/prims/jni.cpp, line 615]
Event: 153.993 Thread 0x000001a0f5eba800 Exception <a 'sun/nio/fs/WindowsException'{0x0000000090d68f70}> (0x0000000090d68f70) thrown at [./src/hotspot/share/prims/jni.cpp, line 615]

Events (20 events):
Event: 150.624 loading class com/android/tools/r8/internal/fg
Event: 150.624 loading class com/android/tools/r8/internal/fg done
Event: 150.664 loading class com/android/tools/r8/internal/fb
Event: 150.664 loading class com/android/tools/r8/internal/fb done
Event: 150.665 loading class com/android/tools/r8/internal/eb
Event: 150.665 loading class com/android/tools/r8/internal/eb done
Event: 150.666 loading class com/android/tools/r8/internal/db
Event: 150.666 loading class com/android/tools/r8/internal/db done
Event: 151.892 loading class com/android/tools/r8/code/H0
Event: 151.892 loading class com/android/tools/r8/code/H0 done
Event: 151.892 loading class com/android/tools/r8/code/H0
Event: 151.892 loading class com/android/tools/r8/code/H0 done
Event: 151.900 Executing VM operation: G1CollectForAllocation
Event: 151.937 Executing VM operation: G1CollectForAllocation done
Event: 152.430 loading class com/android/tools/r8/internal/Et
Event: 152.430 loading class com/android/tools/r8/internal/Et done
Event: 152.775 Executing VM operation: BulkRevokeBias
Event: 152.780 Executing VM operation: BulkRevokeBias done
Event: 153.632 Executing VM operation: G1CollectForAllocation
Event: 153.662 Executing VM operation: G1CollectForAllocation done


Dynamic libraries:
0x00007ff722510000 - 0x00007ff72251a000 	C:\Program Files\Android\Android Studio\jre\bin\java.exe
0x00007ffec0010000 - 0x00007ffec0208000 	C:\Windows\SYSTEM32\ntdll.dll
0x00007ffebe3f0000 - 0x00007ffebe4af000 	C:\Windows\System32\KERNEL32.DLL
0x00007ffebdc80000 - 0x00007ffebdf52000 	C:\Windows\System32\KERNELBASE.dll
0x00007ffebd7b0000 - 0x00007ffebd8b0000 	C:\Windows\System32\ucrtbase.dll
0x00007ffeb2b30000 - 0x00007ffeb2b49000 	C:\Program Files\Android\Android Studio\jre\bin\jli.dll
0x00007ffebe0d0000 - 0x00007ffebe271000 	C:\Windows\System32\USER32.dll
0x00007ffebe020000 - 0x00007ffebe042000 	C:\Windows\System32\win32u.dll
0x00007ffebe650000 - 0x00007ffebe67b000 	C:\Windows\System32\GDI32.dll
0x00007ffebd8b0000 - 0x00007ffebd9bf000 	C:\Windows\System32\gdi32full.dll
0x00007ffebd9c0000 - 0x00007ffebda5d000 	C:\Windows\System32\msvcp_win.dll
0x00007ffeb2a50000 - 0x00007ffeb2a67000 	C:\Program Files\Android\Android Studio\jre\bin\VCRUNTIME140.dll
0x00007ffeaa530000 - 0x00007ffeaa7ca000 	C:\Windows\WinSxS\amd64_microsoft.windows.common-controls_6595b64144ccf1df_6.0.19041.1110_none_60b5254171f9507e\COMCTL32.dll
0x00007ffebfb20000 - 0x00007ffebfbbe000 	C:\Windows\System32\msvcrt.dll
0x00007ffebe680000 - 0x00007ffebe6b2000 	C:\Windows\System32\IMM32.DLL
0x00007ffe7f3a0000 - 0x00007ffe7f43d000 	C:\Program Files\Android\Android Studio\jre\bin\msvcp140.dll
0x00007ffe7ff00000 - 0x00007ffe809e5000 	C:\Program Files\Android\Android Studio\jre\bin\server\jvm.dll
0x00007ffebe940000 - 0x00007ffebe9ee000 	C:\Windows\System32\ADVAPI32.dll
0x00007ffebff30000 - 0x00007ffebffcc000 	C:\Windows\System32\sechost.dll
0x00007ffebfd40000 - 0x00007ffebfe65000 	C:\Windows\System32\RPCRT4.dll
0x00007ffebff20000 - 0x00007ffebff28000 	C:\Windows\System32\PSAPI.DLL
0x00007ffe9aad0000 - 0x00007ffe9aaf7000 	C:\Windows\SYSTEM32\WINMM.dll
0x00007ffeb95f0000 - 0x00007ffeb95f9000 	C:\Windows\SYSTEM32\WSOCK32.dll
0x00007ffeb5310000 - 0x00007ffeb531a000 	C:\Windows\SYSTEM32\VERSION.dll
0x00007ffebe870000 - 0x00007ffebe8db000 	C:\Windows\System32\WS2_32.dll
0x00007ffebb5c0000 - 0x00007ffebb5d2000 	C:\Windows\SYSTEM32\kernel.appcore.dll
0x00007ffeb72f0000 - 0x00007ffeb7301000 	C:\Program Files\Android\Android Studio\jre\bin\verify.dll
0x00007ffea4a30000 - 0x00007ffea4c14000 	C:\Windows\SYSTEM32\DBGHELP.DLL
0x00007ffea3240000 - 0x00007ffea3275000 	C:\Windows\SYSTEM32\dbgcore.DLL
0x00007ffebdf90000 - 0x00007ffebe012000 	C:\Windows\System32\bcryptPrimitives.dll
0x00007ffeb72c0000 - 0x00007ffeb72e9000 	C:\Program Files\Android\Android Studio\jre\bin\java.dll
0x00007ffeb95e0000 - 0x00007ffeb95eb000 	C:\Program Files\Android\Android Studio\jre\bin\jimage.dll
0x00007ffeb72a0000 - 0x00007ffeb72b8000 	C:\Program Files\Android\Android Studio\jre\bin\zip.dll
0x00007ffebf3d0000 - 0x00007ffebfb14000 	C:\Windows\System32\SHELL32.dll
0x00007ffebb7c0000 - 0x00007ffebbf52000 	C:\Windows\SYSTEM32\windows.storage.dll
0x00007ffebead0000 - 0x00007ffebee25000 	C:\Windows\System32\combase.dll
0x00007ffebd160000 - 0x00007ffebd190000 	C:\Windows\SYSTEM32\Wldp.dll
0x00007ffebfbc0000 - 0x00007ffebfc6d000 	C:\Windows\System32\SHCORE.dll
0x00007ffebe8e0000 - 0x00007ffebe935000 	C:\Windows\System32\shlwapi.dll
0x00007ffebd640000 - 0x00007ffebd65f000 	C:\Windows\SYSTEM32\profapi.dll
0x00007ffeb7280000 - 0x00007ffeb729a000 	C:\Program Files\Android\Android Studio\jre\bin\net.dll
0x00007ffead150000 - 0x00007ffead25c000 	C:\Windows\SYSTEM32\WINHTTP.dll
0x00007ffebcec0000 - 0x00007ffebcf2a000 	C:\Windows\system32\mswsock.dll
0x00007ffeb7260000 - 0x00007ffeb7274000 	C:\Program Files\Android\Android Studio\jre\bin\nio.dll
0x00007ffeb94c0000 - 0x00007ffeb94e7000 	C:\Users\ID\.gradle\native\e1d6ef7f7dcc3fd88c89a11ec53ec762bb8ba0a96d01ffa2cd45eb1d1d8dd5c5\windows-amd64\native-platform.dll
0x00007ffe80d80000 - 0x00007ffe80ec4000 	C:\Users\ID\.gradle\native\5664cfc778a61ccfe75a443a1ab52a65af34e5dc3c78e0209fed803814484fcb\windows-amd64\native-platform-file-events.dll
0x00007ffeb7670000 - 0x00007ffeb767a000 	C:\Program Files\Android\Android Studio\jre\bin\management.dll
0x00007ffeb7250000 - 0x00007ffeb725d000 	C:\Program Files\Android\Android Studio\jre\bin\management_ext.dll
0x00007ffebd0b0000 - 0x00007ffebd0c8000 	C:\Windows\SYSTEM32\CRYPTSP.dll
0x00007ffebc770000 - 0x00007ffebc7a4000 	C:\Windows\system32\rsaenh.dll
0x00007ffebdf60000 - 0x00007ffebdf87000 	C:\Windows\System32\bcrypt.dll
0x00007ffebd5c0000 - 0x00007ffebd5ee000 	C:\Windows\SYSTEM32\USERENV.dll
0x00007ffebd0d0000 - 0x00007ffebd0dc000 	C:\Windows\SYSTEM32\CRYPTBASE.dll
0x00007ffebcb60000 - 0x00007ffebcb9b000 	C:\Windows\SYSTEM32\IPHLPAPI.DLL
0x00007ffebe4b0000 - 0x00007ffebe4b8000 	C:\Windows\System32\NSI.dll
0x00007ffeac600000 - 0x00007ffeac617000 	C:\Windows\SYSTEM32\dhcpcsvc6.DLL
0x00007ffeac700000 - 0x00007ffeac71d000 	C:\Windows\SYSTEM32\dhcpcsvc.DLL
0x00007ffebcba0000 - 0x00007ffebcc6a000 	C:\Windows\SYSTEM32\DNSAPI.dll
0x00007ffebc890000 - 0x00007ffebc8c3000 	C:\Windows\SYSTEM32\ntmarta.dll
0x00007ffeb5910000 - 0x00007ffeb5937000 	C:\Program Files\Android\Android Studio\jre\bin\sunec.dll
0x0000000062b40000 - 0x0000000062b66000 	C:\Program Files\Bonjour\mdnsNSP.dll
0x00007ffeabea0000 - 0x00007ffeabeaa000 	C:\Windows\System32\rasadhlp.dll
0x00007ffeac170000 - 0x00007ffeac1f0000 	C:\Windows\System32\fwpuclnt.dll
0x00007ffebaf00000 - 0x00007ffebaf91000 	C:\Windows\system32\apphelp.dll

dbghelp: loaded successfully - version: 4.0.5 - missing functions: none
symbol engine: initialized successfully - sym options: 0x614 - pdb path: .;C:\Program Files\Android\Android Studio\jre\bin;C:\Windows\SYSTEM32;C:\Windows\WinSxS\amd64_microsoft.windows.common-controls_6595b64144ccf1df_6.0.19041.1110_none_60b5254171f9507e;C:\Program Files\Android\Android Studio\jre\bin\server;C:\Users\ID\.gradle\native\e1d6ef7f7dcc3fd88c89a11ec53ec762bb8ba0a96d01ffa2cd45eb1d1d8dd5c5\windows-amd64;C:\Users\ID\.gradle\native\5664cfc778a61ccfe75a443a1ab52a65af34e5dc3c78e0209fed803814484fcb\windows-amd64;C:\Program Files\Bonjour

VM Arguments:
jvm_args: --add-opens=java.base/java.util=ALL-UNNAMED --add-opens=java.base/java.lang=ALL-UNNAMED --add-opens=java.base/java.lang.invoke=ALL-UNNAMED --add-opens=java.base/java.util=ALL-UNNAMED --add-opens=java.prefs/java.util.prefs=ALL-UNNAMED --add-opens=java.prefs/java.util.prefs=ALL-UNNAMED --add-opens=java.base/java.nio.charset=ALL-UNNAMED --add-opens=java.base/java.net=ALL-UNNAMED --add-opens=java.base/java.util.concurrent.atomic=ALL-UNNAMED -Xmx2048m -Dfile.encoding=UTF-8 -Duser.country=ID -Duser.language=en -Duser.variant 
java_command: org.gradle.launcher.daemon.bootstrap.GradleDaemon 7.3.3
java_class_path (initial): C:\Users\ID\.gradle\wrapper\dists\gradle-7.3.3-bin\6a41zxkdtcxs8rphpq6y0069z\gradle-7.3.3\lib\gradle-launcher-7.3.3.jar
Launcher Type: SUN_STANDARD

[Global flags]
     intx CICompilerCount                          = 2                                         {product} {ergonomic}
     uint ConcGCThreads                            = 1                                         {product} {ergonomic}
     uint G1ConcRefinementThreads                  = 2                                         {product} {ergonomic}
   size_t G1HeapRegionSize                         = 1048576                                   {product} {ergonomic}
    uintx GCDrainStackTargetSize                   = 64                                        {product} {ergonomic}
   size_t InitialHeapSize                          = 65011712                                  {product} {ergonomic}
   size_t MarkStackSize                            = 4194304                                   {product} {ergonomic}
   size_t MaxHeapSize                              = 2147483648                                {product} {command line}
   size_t MaxNewSize                               = 1287651328                                {product} {ergonomic}
   size_t MinHeapDeltaBytes                        = 1048576                                   {product} {ergonomic}
    uintx NonNMethodCodeHeapSize                   = 5825164                                {pd product} {ergonomic}
    uintx NonProfiledCodeHeapSize                  = 122916538                              {pd product} {ergonomic}
    uintx ProfiledCodeHeapSize                     = 122916538                              {pd product} {ergonomic}
    uintx ReservedCodeCacheSize                    = 251658240                              {pd product} {ergonomic}
     bool SegmentedCodeCache                       = true                                      {product} {ergonomic}
     bool UseCompressedClassPointers               = true                                 {lp64_product} {ergonomic}
     bool UseCompressedOops                        = true                                 {lp64_product} {ergonomic}
     bool UseG1GC                                  = true                                      {product} {ergonomic}
     bool UseLargePagesIndividualAllocation        = false                                  {pd product} {ergonomic}

Logging:
Log output configuration:
 #0: stdout all=warning uptime,level,tags
 #1: stderr all=off uptime,level,tags

Environment Variables:
PATH=C:\Program Files (x86)\Common Files\Intel\Shared Files\cpp\bin\Intel64;C:\Windows\system32;C:\Windows;C:\Windows\System32\Wbem;C:\Windows\System32\WindowsPowerShell\v1.0\;C:\Windows\System32\OpenSSH\;C:\Program Files\php-8.1.7-nts-Win32-vs16-x64;C:\ProgramData\ComposerSetup\bin;C:\flutter\bin;C:\Program Files\Git\cmd;C:\Users\ID\AppData\Local\Programs\Python\Python310\Scripts\;C:\Users\ID\AppData\Local\Programs\Python\Python310\;C:\Users\ID\AppData\Local\Microsoft\WindowsApps;C:\Users\ID\AppData\Roaming\Composer\vendor\bin;C:\flutter\bin;C:\Users\ID\AppData\Local\Programs\Microsoft VS Code\bin
USERNAME=ID
OS=Windows_NT
PROCESSOR_IDENTIFIER=Intel64 Family 6 Model 92 Stepping 9, GenuineIntel



---------------  S Y S T E M  ---------------

OS: Windows 10 , 64 bit Build 19041 (10.0.19041.2364)
OS uptime: 0 days 16:37 hours

CPU:total 2 (initial active 2) (2 cores per cpu, 1 threads per core) family 6 model 92 stepping 9 microcode 0x32, cmov, cx8, fxsr, mmx, sse, sse2, sse3, ssse3, sse4.1, sse4.2, popcnt, aes, clmul, erms, 3dnowpref, tsc, tscinvbit, sha

Memory: 4k page, system-wide physical 3959M (268M free)
TotalPageFile size 8567M (AvailPageFile size 1564M)
current process WorkingSet (physical memory assigned to process): 643M, peak: 651M
current process commit charge ("private bytes"): 673M, peak: 684M

vm_info: OpenJDK 64-Bit Server VM (11.0.12+7-b1504.28-7817840) for windows-amd64 JRE (11.0.12+7-b1504.28-7817840), built on Oct 13 2021 22:12:33 by "builder" with MS VC++ 14.0 (VS2015)

END.
